The population size for this simulation is: 20 
The error rate for this simulation is: 0.01 
The output directory for this simulation is: /home/slb/Desktop/new_simulation_v2/b4c/pop020/e001 
Mon Aug  3 19:36:07 2015	always_cooperate vs. always_defect
Mon Aug  3 19:41:59 2015	always_cooperate vs. always_trembling
Mon Aug  3 19:48:46 2015	always_cooperate vs. tit_for_tat
Mon Aug  3 19:55:26 2015	always_cooperate vs. TFT_with_trembling_hand
Mon Aug  3 20:02:13 2015	always_cooperate vs. shame_driven_hiding
Mon Aug  3 20:11:52 2015	always_cooperate vs. shame_driven_denying
Mon Aug  3 20:19:56 2015	always_cooperate vs. guilt_driven_amending
Mon Aug  3 20:27:27 2015	always_cooperate vs. Pavlov
Mon Aug  3 20:35:03 2015	always_defect vs. always_trembling
Mon Aug  3 20:41:39 2015	always_defect vs. tit_for_tat
Mon Aug  3 20:47:17 2015	always_defect vs. TFT_with_trembling_hand
Mon Aug  3 20:52:53 2015	always_defect vs. shame_driven_hiding
Mon Aug  3 20:59:39 2015	always_defect vs. shame_driven_denying
Mon Aug  3 21:05:38 2015	always_defect vs. guilt_driven_amending
Mon Aug  3 21:11:41 2015	always_defect vs. Pavlov
Mon Aug  3 21:17:30 2015	always_trembling vs. tit_for_tat
Mon Aug  3 21:23:19 2015	always_trembling vs. TFT_with_trembling_hand
Mon Aug  3 21:29:07 2015	always_trembling vs. shame_driven_hiding
Mon Aug  3 21:36:05 2015	always_trembling vs. shame_driven_denying
Mon Aug  3 21:42:16 2015	always_trembling vs. guilt_driven_amending
Mon Aug  3 21:48:30 2015	always_trembling vs. Pavlov
Mon Aug  3 21:54:26 2015	tit_for_tat vs. TFT_with_trembling_hand
Mon Aug  3 22:00:33 2015	tit_for_tat vs. shame_driven_hiding
Mon Aug  3 22:07:56 2015	tit_for_tat vs. shame_driven_denying
Mon Aug  3 22:14:25 2015	tit_for_tat vs. guilt_driven_amending
Mon Aug  3 22:20:59 2015	tit_for_tat vs. Pavlov
Mon Aug  3 22:27:17 2015	TFT_with_trembling_hand vs. shame_driven_hiding
Mon Aug  3 22:34:40 2015	TFT_with_trembling_hand vs. shame_driven_denying
Mon Aug  3 22:41:08 2015	TFT_with_trembling_hand vs. guilt_driven_amending
Mon Aug  3 22:47:41 2015	TFT_with_trembling_hand vs. Pavlov
Mon Aug  3 22:54:00 2015	shame_driven_hiding vs. shame_driven_denying
Mon Aug  3 23:01:44 2015	shame_driven_hiding vs. guilt_driven_amending
Mon Aug  3 23:09:36 2015	shame_driven_hiding vs. Pavlov
Mon Aug  3 23:17:12 2015	shame_driven_denying vs. guilt_driven_amending
Mon Aug  3 23:24:07 2015	shame_driven_denying vs. Pavlov
Mon Aug  3 23:30:49 2015	guilt_driven_amending vs. Pavlov
