The population size for this simulation is: 50 
The error rate for this simulation is: 0.05 
The output directory for this simulation is: /home/slb/Desktop/new_simulation_v2/b2c/pop050/e005 
Mon Aug  3 20:37:26 2015	always_cooperate vs. TFT_with_trembling_hand
Mon Aug  3 21:53:46 2015	always_cooperate vs. shame_driven_hiding
Mon Aug  3 23:21:38 2015	always_cooperate vs. shame_driven_denying
Tue Aug  4 00:17:03 2015	always_cooperate vs. guilt_driven_amending
Tue Aug  4 01:12:47 2015	always_cooperate vs. Pavlov
Tue Aug  4 02:04:00 2015	always_defect vs. TFT_with_trembling_hand
Tue Aug  4 02:56:19 2015	always_defect vs. shame_driven_hiding
Tue Aug  4 04:15:55 2015	always_defect vs. shame_driven_denying
Tue Aug  4 05:11:16 2015	always_defect vs. guilt_driven_amending
Tue Aug  4 06:07:06 2015	always_defect vs. Pavlov
Tue Aug  4 06:58:52 2015	always_trembling vs. TFT_with_trembling_hand
Tue Aug  4 07:52:18 2015	always_trembling vs. shame_driven_hiding
Tue Aug  4 09:16:05 2015	always_trembling vs. shame_driven_denying
Tue Aug  4 10:12:33 2015	always_trembling vs. guilt_driven_amending
Tue Aug  4 11:09:29 2015	always_trembling vs. Pavlov
Tue Aug  4 12:01:48 2015	tit_for_tat vs. TFT_with_trembling_hand
Tue Aug  4 12:58:21 2015	tit_for_tat vs. shame_driven_hiding
Tue Aug  4 14:30:22 2015	tit_for_tat vs. shame_driven_denying
Tue Aug  4 15:29:58 2015	tit_for_tat vs. guilt_driven_amending
Tue Aug  4 16:30:01 2015	tit_for_tat vs. Pavlov
Tue Aug  4 17:26:04 2015	TFT_with_trembling_hand vs. shame_driven_hiding
Tue Aug  4 18:57:55 2015	TFT_with_trembling_hand vs. shame_driven_denying
Tue Aug  4 19:58:11 2015	TFT_with_trembling_hand vs. guilt_driven_amending
Tue Aug  4 20:58:58 2015	TFT_with_trembling_hand vs. Pavlov
Tue Aug  4 21:55:36 2015	shame_driven_hiding vs. shame_driven_denying
Tue Aug  4 23:30:24 2015	shame_driven_hiding vs. guilt_driven_amending
Wed Aug  5 01:06:01 2015	shame_driven_hiding vs. Pavlov
Wed Aug  5 02:37:49 2015	shame_driven_denying vs. guilt_driven_amending
Wed Aug  5 03:41:37 2015	shame_driven_denying vs. Pavlov
Wed Aug  5 04:41:24 2015	guilt_driven_amending vs. Pavlov
