The population size for this simulation is: 100 
The error rate for this simulation is: 0.2 
The output directory for this simulation is: /home/slb/Desktop/new_simulation_v2/b2c/pop100/e020 
Mon Aug  3 20:37:26 2015	always_cooperate vs. TFT_with_trembling_hand
Tue Aug  4 02:48:47 2015	always_cooperate vs. shame_driven_hiding
Tue Aug  4 20:37:39 2015	always_cooperate vs. shame_driven_denying
Wed Aug  5 03:03:58 2015	always_cooperate vs. guilt_driven_amending
Wed Aug  5 09:25:08 2015	always_cooperate vs. Pavlov
Wed Aug  5 15:12:08 2015	always_defect vs. TFT_with_trembling_hand
Wed Aug  5 21:08:31 2015	always_defect vs. shame_driven_hiding
Thu Aug  6 10:51:24 2015	always_defect vs. shame_driven_denying
Thu Aug  6 17:11:05 2015	always_defect vs. guilt_driven_amending
Thu Aug  6 23:33:41 2015	always_defect vs. Pavlov
Fri Aug  7 05:29:02 2015	always_trembling vs. TFT_with_trembling_hand
Fri Aug  7 11:33:46 2015	always_trembling vs. shame_driven_hiding
Sat Aug  8 03:11:50 2015	always_trembling vs. shame_driven_denying
Sat Aug  8 09:35:57 2015	always_trembling vs. guilt_driven_amending
Sat Aug  8 16:03:09 2015	always_trembling vs. Pavlov
Sat Aug  8 21:57:17 2015	tit_for_tat vs. TFT_with_trembling_hand
Sun Aug  9 04:21:35 2015	tit_for_tat vs. shame_driven_hiding
Sun Aug  9 22:37:29 2015	tit_for_tat vs. shame_driven_denying
Mon Aug 10 05:23:37 2015	tit_for_tat vs. guilt_driven_amending
Mon Aug 10 12:13:08 2015	tit_for_tat vs. Pavlov
Mon Aug 10 18:30:28 2015	TFT_with_trembling_hand vs. shame_driven_hiding
Tue Aug 11 11:47:52 2015	TFT_with_trembling_hand vs. shame_driven_denying
Tue Aug 11 18:36:20 2015	TFT_with_trembling_hand vs. guilt_driven_amending
Wed Aug 12 01:28:20 2015	TFT_with_trembling_hand vs. Pavlov
Wed Aug 12 07:47:33 2015	shame_driven_hiding vs. shame_driven_denying
Thu Aug 13 01:27:16 2015	shame_driven_hiding vs. guilt_driven_amending
Thu Aug 13 19:19:04 2015	shame_driven_hiding vs. Pavlov
Fri Aug 14 12:39:33 2015	shame_driven_denying vs. guilt_driven_amending
Fri Aug 14 19:53:21 2015	shame_driven_denying vs. Pavlov
Sat Aug 15 02:39:10 2015	guilt_driven_amending vs. Pavlov
