The population size for this simulation is: 20 
The error rate for this simulation is: 0.05 
The output directory for this simulation is: /home/slb/Desktop/new_simulation_v2/b1.33c/pop020/e005 
Mon Aug  3 06:29:18 2015	always_cooperate vs. TFT_with_trembling_hand
Mon Aug  3 06:35:07 2015	always_cooperate vs. shame_driven_hiding
Mon Aug  3 06:42:45 2015	always_cooperate vs. shame_driven_denying
Mon Aug  3 06:48:54 2015	always_cooperate vs. guilt_driven_amending
Mon Aug  3 06:55:09 2015	always_cooperate vs. Pavlov
Mon Aug  3 07:01:02 2015	always_defect vs. TFT_with_trembling_hand
Mon Aug  3 07:06:53 2015	always_defect vs. shame_driven_hiding
Mon Aug  3 07:14:11 2015	always_defect vs. shame_driven_denying
Mon Aug  3 07:20:26 2015	always_defect vs. guilt_driven_amending
Mon Aug  3 07:26:40 2015	always_defect vs. Pavlov
Mon Aug  3 07:32:37 2015	always_trembling vs. TFT_with_trembling_hand
Mon Aug  3 07:38:36 2015	always_trembling vs. shame_driven_hiding
Mon Aug  3 07:46:10 2015	always_trembling vs. shame_driven_denying
Mon Aug  3 07:52:29 2015	always_trembling vs. guilt_driven_amending
Mon Aug  3 07:58:52 2015	always_trembling vs. Pavlov
Mon Aug  3 08:04:54 2015	tit_for_tat vs. TFT_with_trembling_hand
Mon Aug  3 08:11:14 2015	tit_for_tat vs. shame_driven_hiding
Mon Aug  3 08:19:22 2015	tit_for_tat vs. shame_driven_denying
Mon Aug  3 08:26:01 2015	tit_for_tat vs. guilt_driven_amending
Mon Aug  3 08:32:45 2015	tit_for_tat vs. Pavlov
Mon Aug  3 08:39:11 2015	TFT_with_trembling_hand vs. shame_driven_hiding
Mon Aug  3 08:47:20 2015	TFT_with_trembling_hand vs. shame_driven_denying
Mon Aug  3 08:54:04 2015	TFT_with_trembling_hand vs. guilt_driven_amending
Mon Aug  3 09:00:53 2015	TFT_with_trembling_hand vs. Pavlov
Mon Aug  3 09:07:23 2015	shame_driven_hiding vs. shame_driven_denying
Mon Aug  3 09:15:50 2015	shame_driven_hiding vs. guilt_driven_amending
Mon Aug  3 09:24:25 2015	shame_driven_hiding vs. Pavlov
Mon Aug  3 09:32:45 2015	shame_driven_denying vs. guilt_driven_amending
Mon Aug  3 09:39:53 2015	shame_driven_denying vs. Pavlov
Mon Aug  3 09:46:43 2015	guilt_driven_amending vs. Pavlov
