The population size for this simulation is: 50 
The error rate for this simulation is: 0.01 
The output directory for this simulation is: /home/slb/Desktop/new_simulation_v2/b4c/pop050/e001 
Mon Aug  3 19:36:07 2015	always_cooperate vs. always_defect
Mon Aug  3 20:37:16 2015	always_cooperate vs. always_trembling
Mon Aug  3 21:23:04 2015	always_cooperate vs. tit_for_tat
Mon Aug  3 22:11:03 2015	always_cooperate vs. TFT_with_trembling_hand
Mon Aug  3 22:58:59 2015	always_cooperate vs. shame_driven_hiding
Tue Aug  4 00:05:21 2015	always_cooperate vs. shame_driven_denying
Tue Aug  4 00:56:22 2015	always_cooperate vs. guilt_driven_amending
Tue Aug  4 01:47:52 2015	always_cooperate vs. Pavlov
Tue Aug  4 02:35:31 2015	always_defect vs. always_trembling
Tue Aug  4 03:20:19 2015	always_defect vs. tit_for_tat
Tue Aug  4 04:08:41 2015	always_defect vs. TFT_with_trembling_hand
Tue Aug  4 04:56:55 2015	always_defect vs. shame_driven_hiding
Tue Aug  4 06:01:41 2015	always_defect vs. shame_driven_denying
Tue Aug  4 06:52:58 2015	always_defect vs. guilt_driven_amending
Tue Aug  4 07:44:48 2015	always_defect vs. Pavlov
Tue Aug  4 08:33:04 2015	always_trembling vs. tit_for_tat
Tue Aug  4 09:22:38 2015	always_trembling vs. TFT_with_trembling_hand
Tue Aug  4 10:12:09 2015	always_trembling vs. shame_driven_hiding
Tue Aug  4 11:18:51 2015	always_trembling vs. shame_driven_denying
Tue Aug  4 12:11:22 2015	always_trembling vs. guilt_driven_amending
Tue Aug  4 13:04:27 2015	always_trembling vs. Pavlov
Tue Aug  4 13:53:19 2015	tit_for_tat vs. TFT_with_trembling_hand
Tue Aug  4 14:45:25 2015	tit_for_tat vs. shame_driven_hiding
Tue Aug  4 15:55:57 2015	tit_for_tat vs. shame_driven_denying
Tue Aug  4 16:51:04 2015	tit_for_tat vs. guilt_driven_amending
Tue Aug  4 17:46:58 2015	tit_for_tat vs. Pavlov
Tue Aug  4 18:39:24 2015	TFT_with_trembling_hand vs. shame_driven_hiding
Tue Aug  4 19:50:27 2015	TFT_with_trembling_hand vs. shame_driven_denying
Tue Aug  4 20:46:01 2015	TFT_with_trembling_hand vs. guilt_driven_amending
Tue Aug  4 21:42:06 2015	TFT_with_trembling_hand vs. Pavlov
Tue Aug  4 22:34:42 2015	shame_driven_hiding vs. shame_driven_denying
Tue Aug  4 23:48:52 2015	shame_driven_hiding vs. guilt_driven_amending
Wed Aug  5 01:03:36 2015	shame_driven_hiding vs. Pavlov
Wed Aug  5 02:14:56 2015	shame_driven_denying vs. guilt_driven_amending
Wed Aug  5 03:14:03 2015	shame_driven_denying vs. Pavlov
Wed Aug  5 04:09:45 2015	guilt_driven_amending vs. Pavlov
