The population size for this simulation is: 100 
The error rate for this simulation is: 0.1 
The output directory for this simulation is: /home/slb/Desktop/new_simulation_v2/b2c/pop100/e010 
Mon Aug  3 20:37:26 2015	always_cooperate vs. TFT_with_trembling_hand
Tue Aug  4 02:01:26 2015	always_cooperate vs. shame_driven_hiding
Tue Aug  4 15:22:07 2015	always_cooperate vs. shame_driven_denying
Tue Aug  4 21:09:38 2015	always_cooperate vs. guilt_driven_amending
Wed Aug  5 02:59:16 2015	always_cooperate vs. Pavlov
Wed Aug  5 08:17:52 2015	always_defect vs. TFT_with_trembling_hand
Wed Aug  5 13:45:49 2015	always_defect vs. shame_driven_hiding
Thu Aug  6 00:52:41 2015	always_defect vs. shame_driven_denying
Thu Aug  6 06:41:09 2015	always_defect vs. guilt_driven_amending
Thu Aug  6 12:32:36 2015	always_defect vs. Pavlov
Thu Aug  6 17:54:45 2015	always_trembling vs. TFT_with_trembling_hand
Thu Aug  6 23:29:39 2015	always_trembling vs. shame_driven_hiding
Fri Aug  7 11:44:06 2015	always_trembling vs. shame_driven_denying
Fri Aug  7 17:43:02 2015	always_trembling vs. guilt_driven_amending
Fri Aug  7 23:44:29 2015	always_trembling vs. Pavlov
Sat Aug  8 05:14:08 2015	tit_for_tat vs. TFT_with_trembling_hand
Sat Aug  8 11:10:44 2015	tit_for_tat vs. shame_driven_hiding
Sun Aug  9 01:03:32 2015	tit_for_tat vs. shame_driven_denying
Sun Aug  9 07:17:21 2015	tit_for_tat vs. guilt_driven_amending
Sun Aug  9 13:36:04 2015	tit_for_tat vs. Pavlov
Sun Aug  9 19:22:35 2015	TFT_with_trembling_hand vs. shame_driven_hiding
Mon Aug 10 09:02:22 2015	TFT_with_trembling_hand vs. shame_driven_denying
Mon Aug 10 15:23:05 2015	TFT_with_trembling_hand vs. guilt_driven_amending
Mon Aug 10 21:46:30 2015	TFT_with_trembling_hand vs. Pavlov
Tue Aug 11 03:38:53 2015	shame_driven_hiding vs. shame_driven_denying
Tue Aug 11 17:41:08 2015	shame_driven_hiding vs. guilt_driven_amending
Wed Aug 12 07:48:14 2015	shame_driven_hiding vs. Pavlov
Wed Aug 12 21:16:41 2015	shame_driven_denying vs. guilt_driven_amending
Thu Aug 13 03:56:44 2015	shame_driven_denying vs. Pavlov
Thu Aug 13 10:07:00 2015	guilt_driven_amending vs. Pavlov
