The population size for this simulation is: 20 
The error rate for this simulation is: 0.01 
The output directory for this simulation is: /home/slb/Desktop/new_simulation_v2/b2c/pop020/e001 
Mon Aug  3 20:37:26 2015	always_cooperate vs. always_defect
Mon Aug  3 20:42:32 2015	always_cooperate vs. always_trembling
Mon Aug  3 20:47:42 2015	always_cooperate vs. tit_for_tat
Mon Aug  3 20:53:15 2015	always_cooperate vs. TFT_with_trembling_hand
Mon Aug  3 20:58:49 2015	always_cooperate vs. shame_driven_hiding
Mon Aug  3 21:05:41 2015	always_cooperate vs. shame_driven_denying
Mon Aug  3 21:11:35 2015	always_cooperate vs. guilt_driven_amending
Mon Aug  3 21:17:34 2015	always_cooperate vs. Pavlov
Mon Aug  3 21:23:16 2015	always_defect vs. always_trembling
Mon Aug  3 21:28:28 2015	always_defect vs. tit_for_tat
Mon Aug  3 21:34:04 2015	always_defect vs. TFT_with_trembling_hand
Mon Aug  3 21:39:39 2015	always_defect vs. shame_driven_hiding
Mon Aug  3 21:46:24 2015	always_defect vs. shame_driven_denying
Mon Aug  3 21:52:19 2015	always_defect vs. guilt_driven_amending
Mon Aug  3 21:58:15 2015	always_defect vs. Pavlov
Mon Aug  3 22:03:57 2015	always_trembling vs. tit_for_tat
Mon Aug  3 22:09:38 2015	always_trembling vs. TFT_with_trembling_hand
Mon Aug  3 22:15:18 2015	always_trembling vs. shame_driven_hiding
Mon Aug  3 22:22:09 2015	always_trembling vs. shame_driven_denying
Mon Aug  3 22:28:09 2015	always_trembling vs. guilt_driven_amending
Mon Aug  3 22:34:13 2015	always_trembling vs. Pavlov
Mon Aug  3 22:39:59 2015	tit_for_tat vs. TFT_with_trembling_hand
Mon Aug  3 22:45:58 2015	tit_for_tat vs. shame_driven_hiding
Mon Aug  3 22:53:12 2015	tit_for_tat vs. shame_driven_denying
Mon Aug  3 22:59:31 2015	tit_for_tat vs. guilt_driven_amending
Mon Aug  3 23:05:55 2015	tit_for_tat vs. Pavlov
Mon Aug  3 23:12:04 2015	TFT_with_trembling_hand vs. shame_driven_hiding
Mon Aug  3 23:19:20 2015	TFT_with_trembling_hand vs. shame_driven_denying
Mon Aug  3 23:25:39 2015	TFT_with_trembling_hand vs. guilt_driven_amending
Mon Aug  3 23:32:02 2015	TFT_with_trembling_hand vs. Pavlov
Mon Aug  3 23:38:12 2015	shame_driven_hiding vs. shame_driven_denying
Mon Aug  3 23:45:46 2015	shame_driven_hiding vs. guilt_driven_amending
Mon Aug  3 23:53:26 2015	shame_driven_hiding vs. Pavlov
Tue Aug  4 00:00:52 2015	shame_driven_denying vs. guilt_driven_amending
Tue Aug  4 00:07:36 2015	shame_driven_denying vs. Pavlov
Tue Aug  4 00:14:07 2015	guilt_driven_amending vs. Pavlov
