The population size for this simulation is: 10 
The error rate for this simulation is: 0.1 
The output directory for this simulation is: /home/slb/Desktop/new_simulation_v2/b1.33c/pop010/e010 
Mon Aug  3 06:29:18 2015	always_cooperate vs. TFT_with_trembling_hand
Mon Aug  3 06:30:47 2015	always_cooperate vs. shame_driven_hiding
Mon Aug  3 06:32:24 2015	always_cooperate vs. shame_driven_denying
Mon Aug  3 06:33:56 2015	always_cooperate vs. guilt_driven_amending
Mon Aug  3 06:35:30 2015	always_cooperate vs. Pavlov
Mon Aug  3 06:37:01 2015	always_defect vs. TFT_with_trembling_hand
Mon Aug  3 06:38:30 2015	always_defect vs. shame_driven_hiding
Mon Aug  3 06:40:07 2015	always_defect vs. shame_driven_denying
Mon Aug  3 06:41:39 2015	always_defect vs. guilt_driven_amending
Mon Aug  3 06:43:14 2015	always_defect vs. Pavlov
Mon Aug  3 06:44:46 2015	always_trembling vs. TFT_with_trembling_hand
Mon Aug  3 06:46:16 2015	always_trembling vs. shame_driven_hiding
Mon Aug  3 06:47:57 2015	always_trembling vs. shame_driven_denying
Mon Aug  3 06:49:31 2015	always_trembling vs. guilt_driven_amending
Mon Aug  3 06:51:08 2015	always_trembling vs. Pavlov
Mon Aug  3 06:52:41 2015	tit_for_tat vs. TFT_with_trembling_hand
Mon Aug  3 06:54:17 2015	tit_for_tat vs. shame_driven_hiding
Mon Aug  3 06:56:02 2015	tit_for_tat vs. shame_driven_denying
Mon Aug  3 06:57:41 2015	tit_for_tat vs. guilt_driven_amending
Mon Aug  3 06:59:22 2015	tit_for_tat vs. Pavlov
Mon Aug  3 07:01:00 2015	TFT_with_trembling_hand vs. shame_driven_hiding
Mon Aug  3 07:02:47 2015	TFT_with_trembling_hand vs. shame_driven_denying
Mon Aug  3 07:04:27 2015	TFT_with_trembling_hand vs. guilt_driven_amending
Mon Aug  3 07:06:09 2015	TFT_with_trembling_hand vs. Pavlov
Mon Aug  3 07:07:48 2015	shame_driven_hiding vs. shame_driven_denying
Mon Aug  3 07:09:37 2015	shame_driven_hiding vs. guilt_driven_amending
Mon Aug  3 07:11:28 2015	shame_driven_hiding vs. Pavlov
Mon Aug  3 07:13:19 2015	shame_driven_denying vs. guilt_driven_amending
Mon Aug  3 07:15:04 2015	shame_driven_denying vs. Pavlov
Mon Aug  3 07:16:46 2015	guilt_driven_amending vs. Pavlov
