The population size for this simulation is: 20 
The error rate for this simulation is: 0.2 
The output directory for this simulation is: /home/slb/Desktop/new_simulation_v2/b1.33c/pop020/e020 
Mon Aug  3 06:29:18 2015	always_cooperate vs. TFT_with_trembling_hand
Mon Aug  3 06:36:59 2015	always_cooperate vs. shame_driven_hiding
Mon Aug  3 06:46:29 2015	always_cooperate vs. shame_driven_denying
Mon Aug  3 06:54:26 2015	always_cooperate vs. guilt_driven_amending
Mon Aug  3 07:02:35 2015	always_cooperate vs. Pavlov
Mon Aug  3 07:10:20 2015	always_defect vs. TFT_with_trembling_hand
Mon Aug  3 07:18:01 2015	always_defect vs. shame_driven_hiding
Mon Aug  3 07:27:09 2015	always_defect vs. shame_driven_denying
Mon Aug  3 07:35:06 2015	always_defect vs. guilt_driven_amending
Mon Aug  3 07:43:12 2015	always_defect vs. Pavlov
Mon Aug  3 07:51:01 2015	always_trembling vs. TFT_with_trembling_hand
Mon Aug  3 07:58:51 2015	always_trembling vs. shame_driven_hiding
Mon Aug  3 08:08:28 2015	always_trembling vs. shame_driven_denying
Mon Aug  3 08:16:33 2015	always_trembling vs. guilt_driven_amending
Mon Aug  3 08:24:49 2015	always_trembling vs. Pavlov
Mon Aug  3 08:32:42 2015	tit_for_tat vs. TFT_with_trembling_hand
Mon Aug  3 08:40:59 2015	tit_for_tat vs. shame_driven_hiding
Mon Aug  3 08:51:02 2015	tit_for_tat vs. shame_driven_denying
Mon Aug  3 08:59:29 2015	tit_for_tat vs. guilt_driven_amending
Mon Aug  3 09:08:10 2015	tit_for_tat vs. Pavlov
Mon Aug  3 09:16:30 2015	TFT_with_trembling_hand vs. shame_driven_hiding
Mon Aug  3 09:26:41 2015	TFT_with_trembling_hand vs. shame_driven_denying
Mon Aug  3 09:35:14 2015	TFT_with_trembling_hand vs. guilt_driven_amending
Mon Aug  3 09:43:59 2015	TFT_with_trembling_hand vs. Pavlov
Mon Aug  3 09:52:22 2015	shame_driven_hiding vs. shame_driven_denying
Mon Aug  3 10:02:41 2015	shame_driven_hiding vs. guilt_driven_amending
Mon Aug  3 10:13:18 2015	shame_driven_hiding vs. Pavlov
Mon Aug  3 10:23:39 2015	shame_driven_denying vs. guilt_driven_amending
Mon Aug  3 10:32:37 2015	shame_driven_denying vs. Pavlov
Mon Aug  3 10:41:17 2015	guilt_driven_amending vs. Pavlov
