The population size for this simulation is: 10 
The error rate for this simulation is: 0.05 
The output directory for this simulation is: /home/slb/Desktop/new_simulation_v2/b2c/pop010/e005 
Mon Aug  3 20:37:26 2015	always_cooperate vs. TFT_with_trembling_hand
Mon Aug  3 20:38:51 2015	always_cooperate vs. shame_driven_hiding
Mon Aug  3 20:40:27 2015	always_cooperate vs. shame_driven_denying
Mon Aug  3 20:41:55 2015	always_cooperate vs. guilt_driven_amending
Mon Aug  3 20:43:25 2015	always_cooperate vs. Pavlov
Mon Aug  3 20:44:52 2015	always_defect vs. TFT_with_trembling_hand
Mon Aug  3 20:46:18 2015	always_defect vs. shame_driven_hiding
Mon Aug  3 20:47:52 2015	always_defect vs. shame_driven_denying
Mon Aug  3 20:49:21 2015	always_defect vs. guilt_driven_amending
Mon Aug  3 20:50:52 2015	always_defect vs. Pavlov
Mon Aug  3 20:52:20 2015	always_trembling vs. TFT_with_trembling_hand
Mon Aug  3 20:53:47 2015	always_trembling vs. shame_driven_hiding
Mon Aug  3 20:55:25 2015	always_trembling vs. shame_driven_denying
Mon Aug  3 20:56:56 2015	always_trembling vs. guilt_driven_amending
Mon Aug  3 20:58:29 2015	always_trembling vs. Pavlov
Mon Aug  3 20:59:59 2015	tit_for_tat vs. TFT_with_trembling_hand
Mon Aug  3 21:01:32 2015	tit_for_tat vs. shame_driven_hiding
Mon Aug  3 21:03:16 2015	tit_for_tat vs. shame_driven_denying
Mon Aug  3 21:04:52 2015	tit_for_tat vs. guilt_driven_amending
Mon Aug  3 21:06:30 2015	tit_for_tat vs. Pavlov
Mon Aug  3 21:08:06 2015	TFT_with_trembling_hand vs. shame_driven_hiding
Mon Aug  3 21:09:51 2015	TFT_with_trembling_hand vs. shame_driven_denying
Mon Aug  3 21:11:30 2015	TFT_with_trembling_hand vs. guilt_driven_amending
Mon Aug  3 21:13:09 2015	TFT_with_trembling_hand vs. Pavlov
Mon Aug  3 21:14:45 2015	shame_driven_hiding vs. shame_driven_denying
Mon Aug  3 21:16:32 2015	shame_driven_hiding vs. guilt_driven_amending
Mon Aug  3 21:18:23 2015	shame_driven_hiding vs. Pavlov
Mon Aug  3 21:20:12 2015	shame_driven_denying vs. guilt_driven_amending
Mon Aug  3 21:21:55 2015	shame_driven_denying vs. Pavlov
Mon Aug  3 21:23:36 2015	guilt_driven_amending vs. Pavlov
