The population size for this simulation is: 50 
The error rate for this simulation is: 0.2 
The output directory for this simulation is: /home/slb/Desktop/new_simulation_v2/b2c/pop050/e020 
Mon Aug  3 20:37:26 2015	always_cooperate vs. TFT_with_trembling_hand
Mon Aug  3 22:00:08 2015	always_cooperate vs. shame_driven_hiding
Tue Aug  4 00:03:41 2015	always_cooperate vs. shame_driven_denying
Tue Aug  4 01:10:33 2015	always_cooperate vs. guilt_driven_amending
Tue Aug  4 02:18:26 2015	always_cooperate vs. Pavlov
Tue Aug  4 03:21:06 2015	always_defect vs. TFT_with_trembling_hand
Tue Aug  4 04:24:42 2015	always_defect vs. shame_driven_hiding
Tue Aug  4 06:09:03 2015	always_defect vs. shame_driven_denying
Tue Aug  4 07:15:35 2015	always_defect vs. guilt_driven_amending
Tue Aug  4 08:23:07 2015	always_defect vs. Pavlov
Tue Aug  4 09:26:20 2015	always_trembling vs. TFT_with_trembling_hand
Tue Aug  4 10:30:59 2015	always_trembling vs. shame_driven_hiding
Tue Aug  4 12:25:57 2015	always_trembling vs. shame_driven_denying
Tue Aug  4 13:33:41 2015	always_trembling vs. guilt_driven_amending
Tue Aug  4 14:42:24 2015	always_trembling vs. Pavlov
Tue Aug  4 15:46:11 2015	tit_for_tat vs. TFT_with_trembling_hand
Tue Aug  4 16:54:45 2015	tit_for_tat vs. shame_driven_hiding
Tue Aug  4 19:03:01 2015	tit_for_tat vs. shame_driven_denying
Tue Aug  4 20:14:23 2015	tit_for_tat vs. guilt_driven_amending
Tue Aug  4 21:26:58 2015	tit_for_tat vs. Pavlov
Tue Aug  4 22:34:44 2015	TFT_with_trembling_hand vs. shame_driven_hiding
Wed Aug  5 00:39:10 2015	TFT_with_trembling_hand vs. shame_driven_denying
Wed Aug  5 01:51:23 2015	TFT_with_trembling_hand vs. guilt_driven_amending
Wed Aug  5 03:04:41 2015	TFT_with_trembling_hand vs. Pavlov
Wed Aug  5 04:13:11 2015	shame_driven_hiding vs. shame_driven_denying
Wed Aug  5 06:20:12 2015	shame_driven_hiding vs. guilt_driven_amending
Wed Aug  5 08:30:49 2015	shame_driven_hiding vs. Pavlov
Wed Aug  5 10:36:10 2015	shame_driven_denying vs. guilt_driven_amending
Wed Aug  5 11:52:31 2015	shame_driven_denying vs. Pavlov
Wed Aug  5 13:04:17 2015	guilt_driven_amending vs. Pavlov
