The population size for this simulation is: 20 
The error rate for this simulation is: 0.1 
The output directory for this simulation is: /home/slb/Desktop/new_simulation_v2/b2c/pop020/e010 
Mon Aug  3 20:37:26 2015	always_cooperate vs. TFT_with_trembling_hand
Mon Aug  3 20:46:43 2015	always_cooperate vs. shame_driven_hiding
Mon Aug  3 20:58:35 2015	always_cooperate vs. shame_driven_denying
Mon Aug  3 21:07:49 2015	always_cooperate vs. guilt_driven_amending
Mon Aug  3 21:16:28 2015	always_cooperate vs. Pavlov
Mon Aug  3 21:26:03 2015	always_defect vs. TFT_with_trembling_hand
Mon Aug  3 21:32:57 2015	always_defect vs. shame_driven_hiding
Mon Aug  3 21:41:23 2015	always_defect vs. shame_driven_denying
Mon Aug  3 21:48:37 2015	always_defect vs. guilt_driven_amending
Mon Aug  3 21:55:54 2015	always_defect vs. Pavlov
Mon Aug  3 22:02:51 2015	always_trembling vs. TFT_with_trembling_hand
Mon Aug  3 22:09:51 2015	always_trembling vs. shame_driven_hiding
Mon Aug  3 22:18:35 2015	always_trembling vs. shame_driven_denying
Mon Aug  3 22:25:54 2015	always_trembling vs. guilt_driven_amending
Mon Aug  3 22:33:20 2015	always_trembling vs. Pavlov
Mon Aug  3 22:40:23 2015	tit_for_tat vs. TFT_with_trembling_hand
Mon Aug  3 22:47:48 2015	tit_for_tat vs. shame_driven_hiding
Mon Aug  3 22:57:07 2015	tit_for_tat vs. shame_driven_denying
Mon Aug  3 23:04:48 2015	tit_for_tat vs. guilt_driven_amending
Mon Aug  3 23:12:38 2015	tit_for_tat vs. Pavlov
Mon Aug  3 23:20:08 2015	TFT_with_trembling_hand vs. shame_driven_hiding
Mon Aug  3 23:29:32 2015	TFT_with_trembling_hand vs. shame_driven_denying
Mon Aug  3 23:37:20 2015	TFT_with_trembling_hand vs. guilt_driven_amending
Mon Aug  3 23:45:16 2015	TFT_with_trembling_hand vs. Pavlov
Mon Aug  3 23:52:51 2015	shame_driven_hiding vs. shame_driven_denying
Tue Aug  4 00:02:28 2015	shame_driven_hiding vs. guilt_driven_amending
Tue Aug  4 00:12:21 2015	shame_driven_hiding vs. Pavlov
Tue Aug  4 00:21:56 2015	shame_driven_denying vs. guilt_driven_amending
Tue Aug  4 00:30:10 2015	shame_driven_denying vs. Pavlov
Tue Aug  4 00:38:05 2015	guilt_driven_amending vs. Pavlov
