The population size for this simulation is: 100 
The error rate for this simulation is: 0.01 
The output directory for this simulation is: /home/slb/Desktop/new_simulation_v2/b2c/pop100/e001 
Mon Aug  3 20:37:26 2015	always_cooperate vs. always_defect
Tue Aug  4 01:23:03 2015	always_cooperate vs. always_trembling
Tue Aug  4 05:50:59 2015	always_cooperate vs. tit_for_tat
Tue Aug  4 10:38:20 2015	always_cooperate vs. TFT_with_trembling_hand
Tue Aug  4 15:24:17 2015	always_cooperate vs. shame_driven_hiding
Tue Aug  4 22:38:43 2015	always_cooperate vs. shame_driven_denying
Wed Aug  5 03:43:24 2015	always_cooperate vs. guilt_driven_amending
Wed Aug  5 08:50:00 2015	always_cooperate vs. Pavlov
Wed Aug  5 13:30:31 2015	always_defect vs. always_trembling
Wed Aug  5 17:57:44 2015	always_defect vs. tit_for_tat
Wed Aug  5 22:47:10 2015	always_defect vs. TFT_with_trembling_hand
Thu Aug  6 03:35:37 2015	always_defect vs. shame_driven_hiding
Thu Aug  6 10:36:34 2015	always_defect vs. shame_driven_denying
Thu Aug  6 15:43:23 2015	always_defect vs. guilt_driven_amending
Thu Aug  6 20:53:22 2015	always_defect vs. Pavlov
Fri Aug  7 01:36:41 2015	always_trembling vs. tit_for_tat
Fri Aug  7 06:30:54 2015	always_trembling vs. TFT_with_trembling_hand
Fri Aug  7 11:26:20 2015	always_trembling vs. shame_driven_hiding
Fri Aug  7 18:38:48 2015	always_trembling vs. shame_driven_denying
Fri Aug  7 23:50:53 2015	always_trembling vs. guilt_driven_amending
Sat Aug  8 05:05:21 2015	always_trembling vs. Pavlov
Sat Aug  8 09:51:03 2015	tit_for_tat vs. TFT_with_trembling_hand
Sat Aug  8 15:00:27 2015	tit_for_tat vs. shame_driven_hiding
Sat Aug  8 22:40:49 2015	tit_for_tat vs. shame_driven_denying
Sun Aug  9 04:09:51 2015	tit_for_tat vs. guilt_driven_amending
Sun Aug  9 09:40:52 2015	tit_for_tat vs. Pavlov
Sun Aug  9 14:45:41 2015	TFT_with_trembling_hand vs. shame_driven_hiding
Sun Aug  9 22:26:00 2015	TFT_with_trembling_hand vs. shame_driven_denying
Mon Aug 10 03:53:46 2015	TFT_with_trembling_hand vs. guilt_driven_amending
Mon Aug 10 09:22:50 2015	TFT_with_trembling_hand vs. Pavlov
Mon Aug 10 14:28:17 2015	shame_driven_hiding vs. shame_driven_denying
Mon Aug 10 22:23:13 2015	shame_driven_hiding vs. guilt_driven_amending
Tue Aug 11 06:20:39 2015	shame_driven_hiding vs. Pavlov
Tue Aug 11 13:54:39 2015	shame_driven_denying vs. guilt_driven_amending
Tue Aug 11 19:42:13 2015	shame_driven_denying vs. Pavlov
Wed Aug 12 01:06:36 2015	guilt_driven_amending vs. Pavlov
