The population size for this simulation is: 20 
The error rate for this simulation is: 0.2 
The output directory for this simulation is: /home/slb/Desktop/new_simulation_v2/b4c/pop020/e020 
Mon Aug  3 19:36:07 2015	always_cooperate vs. TFT_with_trembling_hand
Mon Aug  3 19:45:17 2015	always_cooperate vs. shame_driven_hiding
Mon Aug  3 19:56:39 2015	always_cooperate vs. shame_driven_denying
Mon Aug  3 20:05:43 2015	always_cooperate vs. guilt_driven_amending
Mon Aug  3 20:15:11 2015	always_cooperate vs. Pavlov
Mon Aug  3 20:24:11 2015	always_defect vs. TFT_with_trembling_hand
Mon Aug  3 20:33:03 2015	always_defect vs. shame_driven_hiding
Mon Aug  3 20:43:11 2015	always_defect vs. shame_driven_denying
Mon Aug  3 20:51:43 2015	always_defect vs. guilt_driven_amending
Mon Aug  3 21:00:21 2015	always_defect vs. Pavlov
Mon Aug  3 21:08:42 2015	always_trembling vs. TFT_with_trembling_hand
Mon Aug  3 21:16:55 2015	always_trembling vs. shame_driven_hiding
Mon Aug  3 21:27:02 2015	always_trembling vs. shame_driven_denying
Mon Aug  3 21:35:34 2015	always_trembling vs. guilt_driven_amending
Mon Aug  3 21:44:16 2015	always_trembling vs. Pavlov
Mon Aug  3 21:52:33 2015	tit_for_tat vs. TFT_with_trembling_hand
Mon Aug  3 22:01:13 2015	tit_for_tat vs. shame_driven_hiding
Mon Aug  3 22:11:47 2015	tit_for_tat vs. shame_driven_denying
Mon Aug  3 22:20:43 2015	tit_for_tat vs. guilt_driven_amending
Mon Aug  3 22:29:50 2015	tit_for_tat vs. Pavlov
Mon Aug  3 22:38:35 2015	TFT_with_trembling_hand vs. shame_driven_hiding
Mon Aug  3 22:49:16 2015	TFT_with_trembling_hand vs. shame_driven_denying
Mon Aug  3 22:58:18 2015	TFT_with_trembling_hand vs. guilt_driven_amending
Mon Aug  3 23:07:30 2015	TFT_with_trembling_hand vs. Pavlov
Mon Aug  3 23:16:19 2015	shame_driven_hiding vs. shame_driven_denying
Mon Aug  3 23:27:12 2015	shame_driven_hiding vs. guilt_driven_amending
Mon Aug  3 23:38:22 2015	shame_driven_hiding vs. Pavlov
Mon Aug  3 23:49:16 2015	shame_driven_denying vs. guilt_driven_amending
Mon Aug  3 23:58:45 2015	shame_driven_denying vs. Pavlov
Tue Aug  4 00:07:53 2015	guilt_driven_amending vs. Pavlov
