The population size for this simulation is: 20 
The error rate for this simulation is: 0.05 
The output directory for this simulation is: /home/slb/Desktop/new_simulation_v2/b2c/pop020/e005 
Mon Aug  3 20:37:26 2015	always_cooperate vs. TFT_with_trembling_hand
Mon Aug  3 20:46:41 2015	always_cooperate vs. shame_driven_hiding
Mon Aug  3 20:54:47 2015	always_cooperate vs. shame_driven_denying
Mon Aug  3 21:01:18 2015	always_cooperate vs. guilt_driven_amending
Mon Aug  3 21:12:03 2015	always_cooperate vs. Pavlov
Mon Aug  3 21:22:52 2015	always_defect vs. TFT_with_trembling_hand
Mon Aug  3 21:31:43 2015	always_defect vs. shame_driven_hiding
Mon Aug  3 21:42:40 2015	always_defect vs. shame_driven_denying
Mon Aug  3 21:52:46 2015	always_defect vs. guilt_driven_amending
Mon Aug  3 21:59:22 2015	always_defect vs. Pavlov
Mon Aug  3 22:05:40 2015	always_trembling vs. TFT_with_trembling_hand
Mon Aug  3 22:11:59 2015	always_trembling vs. shame_driven_hiding
Mon Aug  3 22:19:55 2015	always_trembling vs. shame_driven_denying
Mon Aug  3 22:26:34 2015	always_trembling vs. guilt_driven_amending
Mon Aug  3 22:33:19 2015	always_trembling vs. Pavlov
Mon Aug  3 22:39:43 2015	tit_for_tat vs. TFT_with_trembling_hand
Mon Aug  3 22:46:23 2015	tit_for_tat vs. shame_driven_hiding
Mon Aug  3 22:54:52 2015	tit_for_tat vs. shame_driven_denying
Mon Aug  3 23:01:50 2015	tit_for_tat vs. guilt_driven_amending
Mon Aug  3 23:08:54 2015	tit_for_tat vs. Pavlov
Mon Aug  3 23:15:42 2015	TFT_with_trembling_hand vs. shame_driven_hiding
Mon Aug  3 23:24:16 2015	TFT_with_trembling_hand vs. shame_driven_denying
Mon Aug  3 23:31:23 2015	TFT_with_trembling_hand vs. guilt_driven_amending
Mon Aug  3 23:38:36 2015	TFT_with_trembling_hand vs. Pavlov
Mon Aug  3 23:45:31 2015	shame_driven_hiding vs. shame_driven_denying
Mon Aug  3 23:54:21 2015	shame_driven_hiding vs. guilt_driven_amending
Tue Aug  4 00:03:21 2015	shame_driven_hiding vs. Pavlov
Tue Aug  4 00:12:04 2015	shame_driven_denying vs. guilt_driven_amending
Tue Aug  4 00:19:32 2015	shame_driven_denying vs. Pavlov
Tue Aug  4 00:26:46 2015	guilt_driven_amending vs. Pavlov
