The population size for this simulation is: 10 
The error rate for this simulation is: 0.2 
The output directory for this simulation is: /home/slb/Desktop/new_simulation_v2/b4c/pop010/e020 
Mon Aug  3 19:36:07 2015	always_cooperate vs. TFT_with_trembling_hand
Mon Aug  3 19:39:06 2015	always_cooperate vs. shame_driven_hiding
Mon Aug  3 19:42:08 2015	always_cooperate vs. shame_driven_denying
Mon Aug  3 19:44:56 2015	always_cooperate vs. guilt_driven_amending
Mon Aug  3 19:47:51 2015	always_cooperate vs. Pavlov
Mon Aug  3 19:50:43 2015	always_defect vs. TFT_with_trembling_hand
Mon Aug  3 19:53:34 2015	always_defect vs. shame_driven_hiding
Mon Aug  3 19:56:31 2015	always_defect vs. shame_driven_denying
Mon Aug  3 19:59:33 2015	always_defect vs. guilt_driven_amending
Mon Aug  3 20:02:27 2015	always_defect vs. Pavlov
Mon Aug  3 20:05:21 2015	always_trembling vs. TFT_with_trembling_hand
Mon Aug  3 20:08:04 2015	always_trembling vs. shame_driven_hiding
Mon Aug  3 20:11:14 2015	always_trembling vs. shame_driven_denying
Mon Aug  3 20:14:11 2015	always_trembling vs. guilt_driven_amending
Mon Aug  3 20:17:17 2015	always_trembling vs. Pavlov
Mon Aug  3 20:20:20 2015	tit_for_tat vs. TFT_with_trembling_hand
Mon Aug  3 20:23:29 2015	tit_for_tat vs. shame_driven_hiding
Mon Aug  3 20:26:34 2015	tit_for_tat vs. shame_driven_denying
Mon Aug  3 20:29:34 2015	tit_for_tat vs. guilt_driven_amending
Mon Aug  3 20:32:30 2015	tit_for_tat vs. Pavlov
Mon Aug  3 20:35:46 2015	TFT_with_trembling_hand vs. shame_driven_hiding
Mon Aug  3 20:39:07 2015	TFT_with_trembling_hand vs. shame_driven_denying
Mon Aug  3 20:41:36 2015	TFT_with_trembling_hand vs. guilt_driven_amending
Mon Aug  3 20:44:24 2015	TFT_with_trembling_hand vs. Pavlov
Mon Aug  3 20:47:06 2015	shame_driven_hiding vs. shame_driven_denying
Mon Aug  3 20:49:57 2015	shame_driven_hiding vs. guilt_driven_amending
Mon Aug  3 20:52:50 2015	shame_driven_hiding vs. Pavlov
Mon Aug  3 20:55:46 2015	shame_driven_denying vs. guilt_driven_amending
Mon Aug  3 20:58:34 2015	shame_driven_denying vs. Pavlov
Mon Aug  3 21:01:16 2015	guilt_driven_amending vs. Pavlov
