The population size for this simulation is: 100 
The error rate for this simulation is: 0.05 
The output directory for this simulation is: /home/slb/Desktop/new_simulation_v2/b2c/pop100/e005 
Mon Aug  3 20:37:26 2015	always_cooperate vs. TFT_with_trembling_hand
Tue Aug  4 02:03:16 2015	always_cooperate vs. shame_driven_hiding
Tue Aug  4 12:23:37 2015	always_cooperate vs. shame_driven_denying
Tue Aug  4 17:52:42 2015	always_cooperate vs. guilt_driven_amending
Tue Aug  4 23:23:42 2015	always_cooperate vs. Pavlov
Wed Aug  5 04:25:39 2015	always_defect vs. TFT_with_trembling_hand
Wed Aug  5 09:37:25 2015	always_defect vs. shame_driven_hiding
Wed Aug  5 18:48:00 2015	always_defect vs. shame_driven_denying
Thu Aug  6 00:18:56 2015	always_defect vs. guilt_driven_amending
Thu Aug  6 05:52:22 2015	always_defect vs. Pavlov
Thu Aug  6 10:56:58 2015	always_trembling vs. TFT_with_trembling_hand
Thu Aug  6 16:13:42 2015	always_trembling vs. shame_driven_hiding
Fri Aug  7 01:58:07 2015	always_trembling vs. shame_driven_denying
Fri Aug  7 07:34:26 2015	always_trembling vs. guilt_driven_amending
Fri Aug  7 13:12:42 2015	always_trembling vs. Pavlov
Fri Aug  7 18:19:29 2015	tit_for_tat vs. TFT_with_trembling_hand
Fri Aug  7 23:52:22 2015	tit_for_tat vs. shame_driven_hiding
Sat Aug  8 10:36:27 2015	tit_for_tat vs. shame_driven_denying
Sat Aug  8 16:28:59 2015	tit_for_tat vs. guilt_driven_amending
Sat Aug  8 22:23:23 2015	tit_for_tat vs. Pavlov
Sun Aug  9 03:50:38 2015	TFT_with_trembling_hand vs. shame_driven_hiding
Sun Aug  9 14:31:50 2015	TFT_with_trembling_hand vs. shame_driven_denying
Sun Aug  9 20:27:08 2015	TFT_with_trembling_hand vs. guilt_driven_amending
Mon Aug 10 02:24:30 2015	TFT_with_trembling_hand vs. Pavlov
Mon Aug 10 07:54:33 2015	shame_driven_hiding vs. shame_driven_denying
Mon Aug 10 18:55:37 2015	shame_driven_hiding vs. guilt_driven_amending
Tue Aug 11 05:59:09 2015	shame_driven_hiding vs. Pavlov
Tue Aug 11 16:37:02 2015	shame_driven_denying vs. guilt_driven_amending
Tue Aug 11 22:54:12 2015	shame_driven_denying vs. Pavlov
Wed Aug 12 04:44:24 2015	guilt_driven_amending vs. Pavlov
