The population size for this simulation is: 10 
The error rate for this simulation is: 0.05 
The output directory for this simulation is: /home/slb/Desktop/new_simulation_v2/b4c/pop010/e005 
Mon Aug  3 19:36:07 2015	always_cooperate vs. TFT_with_trembling_hand
Mon Aug  3 19:38:14 2015	always_cooperate vs. shame_driven_hiding
Mon Aug  3 19:40:46 2015	always_cooperate vs. shame_driven_denying
Mon Aug  3 19:42:31 2015	always_cooperate vs. guilt_driven_amending
Mon Aug  3 19:44:39 2015	always_cooperate vs. Pavlov
Mon Aug  3 19:46:35 2015	always_defect vs. TFT_with_trembling_hand
Mon Aug  3 19:48:34 2015	always_defect vs. shame_driven_hiding
Mon Aug  3 19:50:47 2015	always_defect vs. shame_driven_denying
Mon Aug  3 19:52:44 2015	always_defect vs. guilt_driven_amending
Mon Aug  3 19:54:40 2015	always_defect vs. Pavlov
Mon Aug  3 19:56:26 2015	always_trembling vs. TFT_with_trembling_hand
Mon Aug  3 19:58:09 2015	always_trembling vs. shame_driven_hiding
Mon Aug  3 20:00:10 2015	always_trembling vs. shame_driven_denying
Mon Aug  3 20:02:03 2015	always_trembling vs. guilt_driven_amending
Mon Aug  3 20:03:58 2015	always_trembling vs. Pavlov
Mon Aug  3 20:06:06 2015	tit_for_tat vs. TFT_with_trembling_hand
Mon Aug  3 20:08:13 2015	tit_for_tat vs. shame_driven_hiding
Mon Aug  3 20:10:54 2015	tit_for_tat vs. shame_driven_denying
Mon Aug  3 20:12:50 2015	tit_for_tat vs. guilt_driven_amending
Mon Aug  3 20:14:33 2015	tit_for_tat vs. Pavlov
Mon Aug  3 20:16:26 2015	TFT_with_trembling_hand vs. shame_driven_hiding
Mon Aug  3 20:18:56 2015	TFT_with_trembling_hand vs. shame_driven_denying
Mon Aug  3 20:21:22 2015	TFT_with_trembling_hand vs. guilt_driven_amending
Mon Aug  3 20:23:43 2015	TFT_with_trembling_hand vs. Pavlov
Mon Aug  3 20:25:53 2015	shame_driven_hiding vs. shame_driven_denying
Mon Aug  3 20:28:13 2015	shame_driven_hiding vs. guilt_driven_amending
Mon Aug  3 20:30:19 2015	shame_driven_hiding vs. Pavlov
Mon Aug  3 20:32:39 2015	shame_driven_denying vs. guilt_driven_amending
Mon Aug  3 20:34:45 2015	shame_driven_denying vs. Pavlov
Mon Aug  3 20:37:07 2015	guilt_driven_amending vs. Pavlov
