The population size for this simulation is: 10 
The error rate for this simulation is: 0.2 
The output directory for this simulation is: /home/slb/Desktop/new_simulation_v2/b2c/pop010/e020 
Mon Aug  3 20:37:26 2015	always_cooperate vs. TFT_with_trembling_hand
Mon Aug  3 20:40:00 2015	always_cooperate vs. shame_driven_hiding
Mon Aug  3 20:43:27 2015	always_cooperate vs. shame_driven_denying
Mon Aug  3 20:46:21 2015	always_cooperate vs. guilt_driven_amending
Mon Aug  3 20:48:50 2015	always_cooperate vs. Pavlov
Mon Aug  3 20:51:28 2015	always_defect vs. TFT_with_trembling_hand
Mon Aug  3 20:53:42 2015	always_defect vs. shame_driven_hiding
Mon Aug  3 20:56:08 2015	always_defect vs. shame_driven_denying
Mon Aug  3 20:58:24 2015	always_defect vs. guilt_driven_amending
Mon Aug  3 21:00:42 2015	always_defect vs. Pavlov
Mon Aug  3 21:02:54 2015	always_trembling vs. TFT_with_trembling_hand
Mon Aug  3 21:05:27 2015	always_trembling vs. shame_driven_hiding
Mon Aug  3 21:08:00 2015	always_trembling vs. shame_driven_denying
Mon Aug  3 21:10:30 2015	always_trembling vs. guilt_driven_amending
Mon Aug  3 21:13:00 2015	always_trembling vs. Pavlov
Mon Aug  3 21:15:23 2015	tit_for_tat vs. TFT_with_trembling_hand
Mon Aug  3 21:17:44 2015	tit_for_tat vs. shame_driven_hiding
Mon Aug  3 21:20:16 2015	tit_for_tat vs. shame_driven_denying
Mon Aug  3 21:22:46 2015	tit_for_tat vs. guilt_driven_amending
Mon Aug  3 21:25:20 2015	tit_for_tat vs. Pavlov
Mon Aug  3 21:27:44 2015	TFT_with_trembling_hand vs. shame_driven_hiding
Mon Aug  3 21:30:16 2015	TFT_with_trembling_hand vs. shame_driven_denying
Mon Aug  3 21:32:38 2015	TFT_with_trembling_hand vs. guilt_driven_amending
Mon Aug  3 21:35:05 2015	TFT_with_trembling_hand vs. Pavlov
Mon Aug  3 21:37:29 2015	shame_driven_hiding vs. shame_driven_denying
Mon Aug  3 21:40:00 2015	shame_driven_hiding vs. guilt_driven_amending
Mon Aug  3 21:42:25 2015	shame_driven_hiding vs. Pavlov
Mon Aug  3 21:44:48 2015	shame_driven_denying vs. guilt_driven_amending
Mon Aug  3 21:47:08 2015	shame_driven_denying vs. Pavlov
Mon Aug  3 21:49:19 2015	guilt_driven_amending vs. Pavlov
