The population size for this simulation is: 100 
The error rate for this simulation is: 0.05 
The output directory for this simulation is: /home/slb/Desktop/new_simulation_v2/b4c/pop100/e005 
Mon Aug  3 19:36:07 2015	always_cooperate vs. TFT_with_trembling_hand
Tue Aug  4 00:51:49 2015	always_cooperate vs. shame_driven_hiding
Tue Aug  4 11:13:46 2015	always_cooperate vs. shame_driven_denying
Tue Aug  4 16:41:40 2015	always_cooperate vs. guilt_driven_amending
Tue Aug  4 22:09:01 2015	always_cooperate vs. Pavlov
Wed Aug  5 03:06:06 2015	always_defect vs. TFT_with_trembling_hand
Wed Aug  5 08:15:54 2015	always_defect vs. shame_driven_hiding
Wed Aug  5 17:21:41 2015	always_defect vs. shame_driven_denying
Wed Aug  5 22:47:55 2015	always_defect vs. guilt_driven_amending
Thu Aug  6 04:16:44 2015	always_defect vs. Pavlov
Thu Aug  6 09:16:56 2015	always_trembling vs. TFT_with_trembling_hand
Thu Aug  6 14:29:26 2015	always_trembling vs. shame_driven_hiding
Fri Aug  7 00:09:20 2015	always_trembling vs. shame_driven_denying
Fri Aug  7 05:40:28 2015	always_trembling vs. guilt_driven_amending
Fri Aug  7 11:14:16 2015	always_trembling vs. Pavlov
Fri Aug  7 16:16:47 2015	tit_for_tat vs. TFT_with_trembling_hand
Fri Aug  7 21:45:53 2015	tit_for_tat vs. shame_driven_hiding
Sat Aug  8 08:25:25 2015	tit_for_tat vs. shame_driven_denying
Sat Aug  8 14:13:33 2015	tit_for_tat vs. guilt_driven_amending
Sat Aug  8 20:04:03 2015	tit_for_tat vs. Pavlov
Sun Aug  9 01:27:44 2015	TFT_with_trembling_hand vs. shame_driven_hiding
Sun Aug  9 12:04:41 2015	TFT_with_trembling_hand vs. shame_driven_denying
Sun Aug  9 17:54:59 2015	TFT_with_trembling_hand vs. guilt_driven_amending
Sun Aug  9 23:47:53 2015	TFT_with_trembling_hand vs. Pavlov
Mon Aug 10 05:13:47 2015	shame_driven_hiding vs. shame_driven_denying
Mon Aug 10 16:08:41 2015	shame_driven_hiding vs. guilt_driven_amending
Tue Aug 11 03:06:46 2015	shame_driven_hiding vs. Pavlov
Tue Aug 11 13:38:37 2015	shame_driven_denying vs. guilt_driven_amending
Tue Aug 11 19:50:24 2015	shame_driven_denying vs. Pavlov
Wed Aug 12 01:35:33 2015	guilt_driven_amending vs. Pavlov
