The population size for this simulation is: 10 
The error rate for this simulation is: 0.1 
The output directory for this simulation is: /home/slb/Desktop/new_simulation_v2/b2c/pop010/e010 
Mon Aug  3 20:37:26 2015	always_cooperate vs. TFT_with_trembling_hand
Mon Aug  3 20:39:51 2015	always_cooperate vs. shame_driven_hiding
Mon Aug  3 20:42:06 2015	always_cooperate vs. shame_driven_denying
Mon Aug  3 20:44:50 2015	always_cooperate vs. guilt_driven_amending
Mon Aug  3 20:47:28 2015	always_cooperate vs. Pavlov
Mon Aug  3 20:49:42 2015	always_defect vs. TFT_with_trembling_hand
Mon Aug  3 20:51:50 2015	always_defect vs. shame_driven_hiding
Mon Aug  3 20:54:27 2015	always_defect vs. shame_driven_denying
Mon Aug  3 20:57:17 2015	always_defect vs. guilt_driven_amending
Mon Aug  3 21:00:07 2015	always_defect vs. Pavlov
Mon Aug  3 21:02:52 2015	always_trembling vs. TFT_with_trembling_hand
Mon Aug  3 21:05:08 2015	always_trembling vs. shame_driven_hiding
Mon Aug  3 21:07:28 2015	always_trembling vs. shame_driven_denying
Mon Aug  3 21:09:34 2015	always_trembling vs. guilt_driven_amending
Mon Aug  3 21:11:46 2015	always_trembling vs. Pavlov
Mon Aug  3 21:13:52 2015	tit_for_tat vs. TFT_with_trembling_hand
Mon Aug  3 21:16:04 2015	tit_for_tat vs. shame_driven_hiding
Mon Aug  3 21:18:26 2015	tit_for_tat vs. shame_driven_denying
Mon Aug  3 21:20:49 2015	tit_for_tat vs. guilt_driven_amending
Mon Aug  3 21:23:32 2015	tit_for_tat vs. Pavlov
Mon Aug  3 21:26:18 2015	TFT_with_trembling_hand vs. shame_driven_hiding
Mon Aug  3 21:28:41 2015	TFT_with_trembling_hand vs. shame_driven_denying
Mon Aug  3 21:30:50 2015	TFT_with_trembling_hand vs. guilt_driven_amending
Mon Aug  3 21:33:01 2015	TFT_with_trembling_hand vs. Pavlov
Mon Aug  3 21:35:10 2015	shame_driven_hiding vs. shame_driven_denying
Mon Aug  3 21:37:29 2015	shame_driven_hiding vs. guilt_driven_amending
Mon Aug  3 21:39:48 2015	shame_driven_hiding vs. Pavlov
Mon Aug  3 21:41:57 2015	shame_driven_denying vs. guilt_driven_amending
Mon Aug  3 21:43:58 2015	shame_driven_denying vs. Pavlov
Mon Aug  3 21:45:58 2015	guilt_driven_amending vs. Pavlov
