The population size for this simulation is: 50 
The error rate for this simulation is: 0.01 
The output directory for this simulation is: /home/slb/Desktop/new_simulation_v2/b2c/pop050/e001 
Mon Aug  3 20:37:26 2015	always_cooperate vs. always_defect
Mon Aug  3 21:42:51 2015	always_cooperate vs. always_trembling
Mon Aug  3 22:30:39 2015	always_cooperate vs. tit_for_tat
Mon Aug  3 23:18:32 2015	always_cooperate vs. TFT_with_trembling_hand
Tue Aug  4 00:06:26 2015	always_cooperate vs. shame_driven_hiding
Tue Aug  4 01:13:24 2015	always_cooperate vs. shame_driven_denying
Tue Aug  4 02:04:50 2015	always_cooperate vs. guilt_driven_amending
Tue Aug  4 02:56:46 2015	always_cooperate vs. Pavlov
Tue Aug  4 03:45:00 2015	always_defect vs. always_trembling
Tue Aug  4 04:29:56 2015	always_defect vs. tit_for_tat
Tue Aug  4 05:18:23 2015	always_defect vs. TFT_with_trembling_hand
Tue Aug  4 06:06:46 2015	always_defect vs. shame_driven_hiding
Tue Aug  4 07:11:52 2015	always_defect vs. shame_driven_denying
Tue Aug  4 08:03:16 2015	always_defect vs. guilt_driven_amending
Tue Aug  4 08:55:11 2015	always_defect vs. Pavlov
Tue Aug  4 09:43:39 2015	always_trembling vs. tit_for_tat
Tue Aug  4 10:33:12 2015	always_trembling vs. TFT_with_trembling_hand
Tue Aug  4 11:22:41 2015	always_trembling vs. shame_driven_hiding
Tue Aug  4 12:29:31 2015	always_trembling vs. shame_driven_denying
Tue Aug  4 13:22:01 2015	always_trembling vs. guilt_driven_amending
Tue Aug  4 14:15:01 2015	always_trembling vs. Pavlov
Tue Aug  4 15:04:05 2015	tit_for_tat vs. TFT_with_trembling_hand
Tue Aug  4 15:56:10 2015	tit_for_tat vs. shame_driven_hiding
Tue Aug  4 17:06:53 2015	tit_for_tat vs. shame_driven_denying
Tue Aug  4 18:01:59 2015	tit_for_tat vs. guilt_driven_amending
Tue Aug  4 18:57:34 2015	tit_for_tat vs. Pavlov
Tue Aug  4 19:49:49 2015	TFT_with_trembling_hand vs. shame_driven_hiding
Tue Aug  4 21:00:31 2015	TFT_with_trembling_hand vs. shame_driven_denying
Tue Aug  4 21:55:43 2015	TFT_with_trembling_hand vs. guilt_driven_amending
Tue Aug  4 22:51:22 2015	TFT_with_trembling_hand vs. Pavlov
Tue Aug  4 23:43:44 2015	shame_driven_hiding vs. shame_driven_denying
Wed Aug  5 00:57:30 2015	shame_driven_hiding vs. guilt_driven_amending
Wed Aug  5 02:11:47 2015	shame_driven_hiding vs. Pavlov
Wed Aug  5 03:22:53 2015	shame_driven_denying vs. guilt_driven_amending
Wed Aug  5 04:21:56 2015	shame_driven_denying vs. Pavlov
Wed Aug  5 05:17:21 2015	guilt_driven_amending vs. Pavlov
