The population size for this simulation is: 100 
The error rate for this simulation is: 0.1 
The output directory for this simulation is: /home/slb/Desktop/new_simulation_v2/b1.33c/pop100/e010 
Mon Aug  3 06:29:18 2015	always_cooperate vs. TFT_with_trembling_hand
Mon Aug  3 11:29:40 2015	always_cooperate vs. shame_driven_hiding
Tue Aug  4 00:11:02 2015	always_cooperate vs. shame_driven_denying
Tue Aug  4 05:28:35 2015	always_cooperate vs. guilt_driven_amending
Tue Aug  4 10:48:02 2015	always_cooperate vs. Pavlov
Tue Aug  4 15:37:24 2015	always_defect vs. TFT_with_trembling_hand
Tue Aug  4 20:37:18 2015	always_defect vs. shame_driven_hiding
Wed Aug  5 07:00:29 2015	always_defect vs. shame_driven_denying
Wed Aug  5 12:16:54 2015	always_defect vs. guilt_driven_amending
Wed Aug  5 17:36:46 2015	always_defect vs. Pavlov
Wed Aug  5 22:29:55 2015	always_trembling vs. TFT_with_trembling_hand
Thu Aug  6 03:36:24 2015	always_trembling vs. shame_driven_hiding
Thu Aug  6 15:00:01 2015	always_trembling vs. shame_driven_denying
Thu Aug  6 20:21:41 2015	always_trembling vs. guilt_driven_amending
Fri Aug  7 01:48:47 2015	always_trembling vs. Pavlov
Fri Aug  7 06:43:30 2015	tit_for_tat vs. TFT_with_trembling_hand
Fri Aug  7 12:06:04 2015	tit_for_tat vs. shame_driven_hiding
Sat Aug  8 01:11:12 2015	tit_for_tat vs. shame_driven_denying
Sat Aug  8 06:53:08 2015	tit_for_tat vs. guilt_driven_amending
Sat Aug  8 12:37:16 2015	tit_for_tat vs. Pavlov
Sat Aug  8 17:51:01 2015	TFT_with_trembling_hand vs. shame_driven_hiding
Sun Aug  9 06:39:13 2015	TFT_with_trembling_hand vs. shame_driven_denying
Sun Aug  9 12:23:59 2015	TFT_with_trembling_hand vs. guilt_driven_amending
Sun Aug  9 18:10:10 2015	TFT_with_trembling_hand vs. Pavlov
Sun Aug  9 23:30:07 2015	shame_driven_hiding vs. shame_driven_denying
Mon Aug 10 12:38:40 2015	shame_driven_hiding vs. guilt_driven_amending
Tue Aug 11 01:53:17 2015	shame_driven_hiding vs. Pavlov
Tue Aug 11 14:37:18 2015	shame_driven_denying vs. guilt_driven_amending
Tue Aug 11 20:44:57 2015	shame_driven_denying vs. Pavlov
Wed Aug 12 02:25:49 2015	guilt_driven_amending vs. Pavlov
