The population size for this simulation is: 10 
The error rate for this simulation is: 0.1 
The output directory for this simulation is: /home/slb/Desktop/new_simulation_v2/b4c/pop010/e010 
Mon Aug  3 19:36:07 2015	always_cooperate vs. TFT_with_trembling_hand
Mon Aug  3 19:38:23 2015	always_cooperate vs. shame_driven_hiding
Mon Aug  3 19:40:35 2015	always_cooperate vs. shame_driven_denying
Mon Aug  3 19:42:36 2015	always_cooperate vs. guilt_driven_amending
Mon Aug  3 19:44:32 2015	always_cooperate vs. Pavlov
Mon Aug  3 19:46:41 2015	always_defect vs. TFT_with_trembling_hand
Mon Aug  3 19:48:33 2015	always_defect vs. shame_driven_hiding
Mon Aug  3 19:50:40 2015	always_defect vs. shame_driven_denying
Mon Aug  3 19:52:59 2015	always_defect vs. guilt_driven_amending
Mon Aug  3 19:55:26 2015	always_defect vs. Pavlov
Mon Aug  3 19:57:30 2015	always_trembling vs. TFT_with_trembling_hand
Mon Aug  3 19:59:25 2015	always_trembling vs. shame_driven_hiding
Mon Aug  3 20:01:34 2015	always_trembling vs. shame_driven_denying
Mon Aug  3 20:03:40 2015	always_trembling vs. guilt_driven_amending
Mon Aug  3 20:05:53 2015	always_trembling vs. Pavlov
Mon Aug  3 20:07:47 2015	tit_for_tat vs. TFT_with_trembling_hand
Mon Aug  3 20:09:48 2015	tit_for_tat vs. shame_driven_hiding
Mon Aug  3 20:12:32 2015	tit_for_tat vs. shame_driven_denying
Mon Aug  3 20:14:43 2015	tit_for_tat vs. guilt_driven_amending
Mon Aug  3 20:16:50 2015	tit_for_tat vs. Pavlov
Mon Aug  3 20:18:49 2015	TFT_with_trembling_hand vs. shame_driven_hiding
Mon Aug  3 20:21:07 2015	TFT_with_trembling_hand vs. shame_driven_denying
Mon Aug  3 20:23:19 2015	TFT_with_trembling_hand vs. guilt_driven_amending
Mon Aug  3 20:25:22 2015	TFT_with_trembling_hand vs. Pavlov
Mon Aug  3 20:27:17 2015	shame_driven_hiding vs. shame_driven_denying
Mon Aug  3 20:29:54 2015	shame_driven_hiding vs. guilt_driven_amending
Mon Aug  3 20:32:20 2015	shame_driven_hiding vs. Pavlov
Mon Aug  3 20:35:09 2015	shame_driven_denying vs. guilt_driven_amending
Mon Aug  3 20:37:21 2015	shame_driven_denying vs. Pavlov
Mon Aug  3 20:39:25 2015	guilt_driven_amending vs. Pavlov
