The population size for this simulation is: 50 
The error rate for this simulation is: 0.01 
The output directory for this simulation is: /home/slb/Desktop/new_simulation_v2/b1.33c/pop050/e001 
Mon Aug  3 06:29:18 2015	always_cooperate vs. always_defect
Mon Aug  3 07:10:30 2015	always_cooperate vs. always_trembling
Mon Aug  3 07:52:20 2015	always_cooperate vs. tit_for_tat
Mon Aug  3 08:37:44 2015	always_cooperate vs. TFT_with_trembling_hand
Mon Aug  3 09:23:05 2015	always_cooperate vs. shame_driven_hiding
Mon Aug  3 10:25:45 2015	always_cooperate vs. shame_driven_denying
Mon Aug  3 11:14:50 2015	always_cooperate vs. guilt_driven_amending
Mon Aug  3 12:03:37 2015	always_cooperate vs. Pavlov
Mon Aug  3 12:48:40 2015	always_defect vs. always_trembling
Mon Aug  3 13:30:30 2015	always_defect vs. tit_for_tat
Mon Aug  3 14:16:10 2015	always_defect vs. TFT_with_trembling_hand
Mon Aug  3 15:02:41 2015	always_defect vs. shame_driven_hiding
Mon Aug  3 16:04:33 2015	always_defect vs. shame_driven_denying
Mon Aug  3 16:53:31 2015	always_defect vs. guilt_driven_amending
Mon Aug  3 17:42:26 2015	always_defect vs. Pavlov
Mon Aug  3 18:27:51 2015	always_trembling vs. tit_for_tat
Mon Aug  3 19:14:53 2015	always_trembling vs. TFT_with_trembling_hand
Mon Aug  3 20:02:30 2015	always_trembling vs. shame_driven_hiding
Mon Aug  3 21:05:24 2015	always_trembling vs. shame_driven_denying
Mon Aug  3 21:54:55 2015	always_trembling vs. guilt_driven_amending
Mon Aug  3 22:45:01 2015	always_trembling vs. Pavlov
Mon Aug  3 23:31:01 2015	tit_for_tat vs. TFT_with_trembling_hand
Tue Aug  4 00:20:44 2015	tit_for_tat vs. shame_driven_hiding
Tue Aug  4 01:28:12 2015	tit_for_tat vs. shame_driven_denying
Tue Aug  4 02:21:03 2015	tit_for_tat vs. guilt_driven_amending
Tue Aug  4 03:14:08 2015	tit_for_tat vs. Pavlov
Tue Aug  4 04:03:32 2015	TFT_with_trembling_hand vs. shame_driven_hiding
Tue Aug  4 05:10:24 2015	TFT_with_trembling_hand vs. shame_driven_denying
Tue Aug  4 06:02:50 2015	TFT_with_trembling_hand vs. guilt_driven_amending
Tue Aug  4 06:55:47 2015	TFT_with_trembling_hand vs. Pavlov
Tue Aug  4 07:45:14 2015	shame_driven_hiding vs. shame_driven_denying
Tue Aug  4 08:55:02 2015	shame_driven_hiding vs. guilt_driven_amending
Tue Aug  4 10:05:23 2015	shame_driven_hiding vs. Pavlov
Tue Aug  4 11:12:14 2015	shame_driven_denying vs. guilt_driven_amending
Tue Aug  4 12:07:57 2015	shame_driven_denying vs. Pavlov
Tue Aug  4 13:00:44 2015	guilt_driven_amending vs. Pavlov
