The population size for this simulation is: 50 
The error rate for this simulation is: 0.05 
The output directory for this simulation is: /home/slb/Desktop/new_simulation_v2/b1.33c/pop050/e005 
Mon Aug  3 06:29:18 2015	always_cooperate vs. TFT_with_trembling_hand
Mon Aug  3 07:18:09 2015	always_cooperate vs. shame_driven_hiding
Mon Aug  3 08:43:46 2015	always_cooperate vs. shame_driven_denying
Mon Aug  3 09:35:45 2015	always_cooperate vs. guilt_driven_amending
Mon Aug  3 10:28:01 2015	always_cooperate vs. Pavlov
Mon Aug  3 11:16:10 2015	always_defect vs. TFT_with_trembling_hand
Mon Aug  3 12:05:15 2015	always_defect vs. shame_driven_hiding
Mon Aug  3 13:21:16 2015	always_defect vs. shame_driven_denying
Mon Aug  3 14:13:14 2015	always_defect vs. guilt_driven_amending
Mon Aug  3 15:05:36 2015	always_defect vs. Pavlov
Mon Aug  3 15:54:11 2015	always_trembling vs. TFT_with_trembling_hand
Mon Aug  3 16:44:14 2015	always_trembling vs. shame_driven_hiding
Mon Aug  3 18:04:14 2015	always_trembling vs. shame_driven_denying
Mon Aug  3 18:57:11 2015	always_trembling vs. guilt_driven_amending
Mon Aug  3 19:50:31 2015	always_trembling vs. Pavlov
Mon Aug  3 20:39:30 2015	tit_for_tat vs. TFT_with_trembling_hand
Mon Aug  3 21:32:46 2015	tit_for_tat vs. shame_driven_hiding
Mon Aug  3 23:00:59 2015	tit_for_tat vs. shame_driven_denying
Mon Aug  3 23:57:03 2015	tit_for_tat vs. guilt_driven_amending
Tue Aug  4 00:53:34 2015	tit_for_tat vs. Pavlov
Tue Aug  4 01:46:18 2015	TFT_with_trembling_hand vs. shame_driven_hiding
Tue Aug  4 03:14:35 2015	TFT_with_trembling_hand vs. shame_driven_denying
Tue Aug  4 04:11:14 2015	TFT_with_trembling_hand vs. guilt_driven_amending
Tue Aug  4 05:08:18 2015	TFT_with_trembling_hand vs. Pavlov
Tue Aug  4 06:01:26 2015	shame_driven_hiding vs. shame_driven_denying
Tue Aug  4 07:32:23 2015	shame_driven_hiding vs. guilt_driven_amending
Tue Aug  4 09:04:05 2015	shame_driven_hiding vs. Pavlov
Tue Aug  4 10:31:58 2015	shame_driven_denying vs. guilt_driven_amending
Tue Aug  4 11:31:54 2015	shame_driven_denying vs. Pavlov
Tue Aug  4 12:28:02 2015	guilt_driven_amending vs. Pavlov
