The population size for this simulation is: 100 
The error rate for this simulation is: 0.1 
The output directory for this simulation is: /home/slb/Desktop/new_simulation_v2/b4c/pop100/e010 
Mon Aug  3 19:36:07 2015	always_cooperate vs. TFT_with_trembling_hand
Tue Aug  4 01:15:45 2015	always_cooperate vs. shame_driven_hiding
Tue Aug  4 14:36:44 2015	always_cooperate vs. shame_driven_denying
Tue Aug  4 20:21:43 2015	always_cooperate vs. guilt_driven_amending
Wed Aug  5 02:08:50 2015	always_cooperate vs. Pavlov
Wed Aug  5 07:24:16 2015	always_defect vs. TFT_with_trembling_hand
Wed Aug  5 12:48:38 2015	always_defect vs. shame_driven_hiding
Wed Aug  5 23:52:35 2015	always_defect vs. shame_driven_denying
Thu Aug  6 05:36:37 2015	always_defect vs. guilt_driven_amending
Thu Aug  6 11:23:12 2015	always_defect vs. Pavlov
Thu Aug  6 16:40:30 2015	always_trembling vs. TFT_with_trembling_hand
Thu Aug  6 22:10:01 2015	always_trembling vs. shame_driven_hiding
Fri Aug  7 10:15:02 2015	always_trembling vs. shame_driven_denying
Fri Aug  7 16:04:29 2015	always_trembling vs. guilt_driven_amending
Fri Aug  7 21:56:18 2015	always_trembling vs. Pavlov
Sat Aug  8 03:16:31 2015	tit_for_tat vs. TFT_with_trembling_hand
Sat Aug  8 09:04:10 2015	tit_for_tat vs. shame_driven_hiding
Sat Aug  8 22:47:45 2015	tit_for_tat vs. shame_driven_denying
Sun Aug  9 04:55:45 2015	tit_for_tat vs. guilt_driven_amending
Sun Aug  9 11:05:59 2015	tit_for_tat vs. Pavlov
Sun Aug  9 16:46:55 2015	TFT_with_trembling_hand vs. shame_driven_hiding
Mon Aug 10 06:14:53 2015	TFT_with_trembling_hand vs. shame_driven_denying
Mon Aug 10 12:26:41 2015	TFT_with_trembling_hand vs. guilt_driven_amending
Mon Aug 10 18:40:56 2015	TFT_with_trembling_hand vs. Pavlov
Tue Aug 11 00:25:30 2015	shame_driven_hiding vs. shame_driven_denying
Tue Aug 11 14:12:39 2015	shame_driven_hiding vs. guilt_driven_amending
Wed Aug 12 04:05:07 2015	shame_driven_hiding vs. Pavlov
Wed Aug 12 17:26:03 2015	shame_driven_denying vs. guilt_driven_amending
Wed Aug 12 23:58:26 2015	shame_driven_denying vs. Pavlov
Thu Aug 13 06:01:59 2015	guilt_driven_amending vs. Pavlov
