The population size for this simulation is: 10 
The error rate for this simulation is: 0.05 
The output directory for this simulation is: /home/slb/Desktop/new_simulation_v2/b1.33c/pop010/e005 
Mon Aug  3 06:29:18 2015	always_cooperate vs. TFT_with_trembling_hand
Mon Aug  3 06:30:37 2015	always_cooperate vs. shame_driven_hiding
Mon Aug  3 06:32:05 2015	always_cooperate vs. shame_driven_denying
Mon Aug  3 06:33:28 2015	always_cooperate vs. guilt_driven_amending
Mon Aug  3 06:34:52 2015	always_cooperate vs. Pavlov
Mon Aug  3 06:36:13 2015	always_defect vs. TFT_with_trembling_hand
Mon Aug  3 06:37:31 2015	always_defect vs. shame_driven_hiding
Mon Aug  3 06:38:59 2015	always_defect vs. shame_driven_denying
Mon Aug  3 06:40:22 2015	always_defect vs. guilt_driven_amending
Mon Aug  3 06:41:46 2015	always_defect vs. Pavlov
Mon Aug  3 06:43:08 2015	always_trembling vs. TFT_with_trembling_hand
Mon Aug  3 06:44:29 2015	always_trembling vs. shame_driven_hiding
Mon Aug  3 06:46:00 2015	always_trembling vs. shame_driven_denying
Mon Aug  3 06:47:25 2015	always_trembling vs. guilt_driven_amending
Mon Aug  3 06:48:51 2015	always_trembling vs. Pavlov
Mon Aug  3 06:50:14 2015	tit_for_tat vs. TFT_with_trembling_hand
Mon Aug  3 06:51:39 2015	tit_for_tat vs. shame_driven_hiding
Mon Aug  3 06:53:15 2015	tit_for_tat vs. shame_driven_denying
Mon Aug  3 06:54:44 2015	tit_for_tat vs. guilt_driven_amending
Mon Aug  3 06:56:15 2015	tit_for_tat vs. Pavlov
Mon Aug  3 06:57:43 2015	TFT_with_trembling_hand vs. shame_driven_hiding
Mon Aug  3 06:59:20 2015	TFT_with_trembling_hand vs. shame_driven_denying
Mon Aug  3 07:00:50 2015	TFT_with_trembling_hand vs. guilt_driven_amending
Mon Aug  3 07:02:21 2015	TFT_with_trembling_hand vs. Pavlov
Mon Aug  3 07:03:50 2015	shame_driven_hiding vs. shame_driven_denying
Mon Aug  3 07:05:30 2015	shame_driven_hiding vs. guilt_driven_amending
Mon Aug  3 07:07:12 2015	shame_driven_hiding vs. Pavlov
Mon Aug  3 07:08:52 2015	shame_driven_denying vs. guilt_driven_amending
Mon Aug  3 07:10:27 2015	shame_driven_denying vs. Pavlov
Mon Aug  3 07:12:00 2015	guilt_driven_amending vs. Pavlov
