The population size for this simulation is: 50 
The error rate for this simulation is: 0.1 
The output directory for this simulation is: /home/slb/Desktop/new_simulation_v2/b2c/pop050/e010 
Mon Aug  3 20:37:26 2015	always_cooperate vs. TFT_with_trembling_hand
Mon Aug  3 21:47:35 2015	always_cooperate vs. shame_driven_hiding
Mon Aug  3 23:42:09 2015	always_cooperate vs. shame_driven_denying
Tue Aug  4 00:46:16 2015	always_cooperate vs. guilt_driven_amending
Tue Aug  4 01:51:05 2015	always_cooperate vs. Pavlov
Tue Aug  4 02:50:51 2015	always_defect vs. TFT_with_trembling_hand
Tue Aug  4 03:51:38 2015	always_defect vs. shame_driven_hiding
Tue Aug  4 05:31:52 2015	always_defect vs. shame_driven_denying
Tue Aug  4 06:36:46 2015	always_defect vs. guilt_driven_amending
Tue Aug  4 07:42:32 2015	always_defect vs. Pavlov
Tue Aug  4 08:43:45 2015	always_trembling vs. TFT_with_trembling_hand
Tue Aug  4 09:45:54 2015	always_trembling vs. shame_driven_hiding
Tue Aug  4 11:33:11 2015	always_trembling vs. shame_driven_denying
Tue Aug  4 12:39:19 2015	always_trembling vs. guilt_driven_amending
Tue Aug  4 13:46:26 2015	always_trembling vs. Pavlov
Tue Aug  4 14:48:12 2015	tit_for_tat vs. TFT_with_trembling_hand
Tue Aug  4 15:55:08 2015	tit_for_tat vs. shame_driven_hiding
Tue Aug  4 17:55:10 2015	tit_for_tat vs. shame_driven_denying
Tue Aug  4 19:04:02 2015	tit_for_tat vs. guilt_driven_amending
Tue Aug  4 20:13:51 2015	tit_for_tat vs. Pavlov
Tue Aug  4 21:18:59 2015	TFT_with_trembling_hand vs. shame_driven_hiding
Tue Aug  4 23:16:24 2015	TFT_with_trembling_hand vs. shame_driven_denying
Wed Aug  5 00:26:19 2015	TFT_with_trembling_hand vs. guilt_driven_amending
Wed Aug  5 01:37:12 2015	TFT_with_trembling_hand vs. Pavlov
Wed Aug  5 02:43:12 2015	shame_driven_hiding vs. shame_driven_denying
Wed Aug  5 04:44:21 2015	shame_driven_hiding vs. guilt_driven_amending
Wed Aug  5 06:49:02 2015	shame_driven_hiding vs. Pavlov
Wed Aug  5 08:48:44 2015	shame_driven_denying vs. guilt_driven_amending
Wed Aug  5 10:02:50 2015	shame_driven_denying vs. Pavlov
Wed Aug  5 11:12:49 2015	guilt_driven_amending vs. Pavlov
