The population size for this simulation is: 10 
The error rate for this simulation is: 0.01 
The output directory for this simulation is: /home/slb/Desktop/new_simulation_v2/b4c/pop010/e001 
Mon Aug  3 19:36:07 2015	always_cooperate vs. always_defect
Mon Aug  3 19:38:00 2015	always_cooperate vs. always_trembling
Mon Aug  3 19:39:30 2015	always_cooperate vs. tit_for_tat
Mon Aug  3 19:40:59 2015	always_cooperate vs. TFT_with_trembling_hand
Mon Aug  3 19:42:34 2015	always_cooperate vs. shame_driven_hiding
Mon Aug  3 19:44:42 2015	always_cooperate vs. shame_driven_denying
Mon Aug  3 19:46:07 2015	always_cooperate vs. guilt_driven_amending
Mon Aug  3 19:47:40 2015	always_cooperate vs. Pavlov
Mon Aug  3 19:49:10 2015	always_defect vs. always_trembling
Mon Aug  3 19:50:24 2015	always_defect vs. tit_for_tat
Mon Aug  3 19:51:51 2015	always_defect vs. TFT_with_trembling_hand
Mon Aug  3 19:53:16 2015	always_defect vs. shame_driven_hiding
Mon Aug  3 19:54:49 2015	always_defect vs. shame_driven_denying
Mon Aug  3 19:56:22 2015	always_defect vs. guilt_driven_amending
Mon Aug  3 19:57:48 2015	always_defect vs. Pavlov
Mon Aug  3 19:59:32 2015	always_trembling vs. tit_for_tat
Mon Aug  3 20:01:26 2015	always_trembling vs. TFT_with_trembling_hand
Mon Aug  3 20:02:56 2015	always_trembling vs. shame_driven_hiding
Mon Aug  3 20:04:43 2015	always_trembling vs. shame_driven_denying
Mon Aug  3 20:06:36 2015	always_trembling vs. guilt_driven_amending
Mon Aug  3 20:08:45 2015	always_trembling vs. Pavlov
Mon Aug  3 20:10:34 2015	tit_for_tat vs. TFT_with_trembling_hand
Mon Aug  3 20:12:16 2015	tit_for_tat vs. shame_driven_hiding
Mon Aug  3 20:14:23 2015	tit_for_tat vs. shame_driven_denying
Mon Aug  3 20:16:15 2015	tit_for_tat vs. guilt_driven_amending
Mon Aug  3 20:18:04 2015	tit_for_tat vs. Pavlov
Mon Aug  3 20:20:01 2015	TFT_with_trembling_hand vs. shame_driven_hiding
Mon Aug  3 20:21:51 2015	TFT_with_trembling_hand vs. shame_driven_denying
Mon Aug  3 20:23:43 2015	TFT_with_trembling_hand vs. guilt_driven_amending
Mon Aug  3 20:25:47 2015	TFT_with_trembling_hand vs. Pavlov
Mon Aug  3 20:27:35 2015	shame_driven_hiding vs. shame_driven_denying
Mon Aug  3 20:29:34 2015	shame_driven_hiding vs. guilt_driven_amending
Mon Aug  3 20:31:46 2015	shame_driven_hiding vs. Pavlov
Mon Aug  3 20:34:10 2015	shame_driven_denying vs. guilt_driven_amending
Mon Aug  3 20:36:23 2015	shame_driven_denying vs. Pavlov
Mon Aug  3 20:38:27 2015	guilt_driven_amending vs. Pavlov
