The population size for this simulation is: 20 
The error rate for this simulation is: 0.05 
The output directory for this simulation is: /home/slb/Desktop/new_simulation_v2/b4c/pop020/e005 
Mon Aug  3 19:36:07 2015	always_cooperate vs. TFT_with_trembling_hand
Mon Aug  3 19:45:00 2015	always_cooperate vs. shame_driven_hiding
Mon Aug  3 19:56:19 2015	always_cooperate vs. shame_driven_denying
Mon Aug  3 20:06:16 2015	always_cooperate vs. guilt_driven_amending
Mon Aug  3 20:15:48 2015	always_cooperate vs. Pavlov
Mon Aug  3 20:22:46 2015	always_defect vs. TFT_with_trembling_hand
Mon Aug  3 20:30:04 2015	always_defect vs. shame_driven_hiding
Mon Aug  3 20:40:10 2015	always_defect vs. shame_driven_denying
Mon Aug  3 20:50:10 2015	always_defect vs. guilt_driven_amending
Mon Aug  3 20:59:41 2015	always_defect vs. Pavlov
Mon Aug  3 21:07:08 2015	always_trembling vs. TFT_with_trembling_hand
Mon Aug  3 21:13:30 2015	always_trembling vs. shame_driven_hiding
Mon Aug  3 21:21:30 2015	always_trembling vs. shame_driven_denying
Mon Aug  3 21:28:11 2015	always_trembling vs. guilt_driven_amending
Mon Aug  3 21:35:01 2015	always_trembling vs. Pavlov
Mon Aug  3 21:41:29 2015	tit_for_tat vs. TFT_with_trembling_hand
Mon Aug  3 21:48:13 2015	tit_for_tat vs. shame_driven_hiding
Mon Aug  3 21:56:45 2015	tit_for_tat vs. shame_driven_denying
Mon Aug  3 22:03:46 2015	tit_for_tat vs. guilt_driven_amending
Mon Aug  3 22:10:55 2015	tit_for_tat vs. Pavlov
Mon Aug  3 22:17:46 2015	TFT_with_trembling_hand vs. shame_driven_hiding
Mon Aug  3 22:26:21 2015	TFT_with_trembling_hand vs. shame_driven_denying
Mon Aug  3 22:33:27 2015	TFT_with_trembling_hand vs. guilt_driven_amending
Mon Aug  3 22:40:41 2015	TFT_with_trembling_hand vs. Pavlov
Mon Aug  3 22:47:37 2015	shame_driven_hiding vs. shame_driven_denying
Mon Aug  3 22:56:28 2015	shame_driven_hiding vs. guilt_driven_amending
Mon Aug  3 23:05:30 2015	shame_driven_hiding vs. Pavlov
Mon Aug  3 23:14:16 2015	shame_driven_denying vs. guilt_driven_amending
Mon Aug  3 23:21:48 2015	shame_driven_denying vs. Pavlov
Mon Aug  3 23:29:02 2015	guilt_driven_amending vs. Pavlov
