The population size for this simulation is: 100 
The error rate for this simulation is: 0.2 
The output directory for this simulation is: /home/slb/Desktop/new_simulation_v2/b4c/pop100/e020 
Mon Aug  3 19:36:07 2015	always_cooperate vs. TFT_with_trembling_hand
Tue Aug  4 01:42:51 2015	always_cooperate vs. shame_driven_hiding
Tue Aug  4 18:59:27 2015	always_cooperate vs. shame_driven_denying
Wed Aug  5 01:12:21 2015	always_cooperate vs. guilt_driven_amending
Wed Aug  5 07:28:28 2015	always_cooperate vs. Pavlov
Wed Aug  5 13:11:47 2015	always_defect vs. TFT_with_trembling_hand
Wed Aug  5 19:03:49 2015	always_defect vs. shame_driven_hiding
Thu Aug  6 08:27:42 2015	always_defect vs. shame_driven_denying
Thu Aug  6 14:39:48 2015	always_defect vs. guilt_driven_amending
Thu Aug  6 20:54:31 2015	always_defect vs. Pavlov
Fri Aug  7 02:38:22 2015	always_trembling vs. TFT_with_trembling_hand
Fri Aug  7 08:36:34 2015	always_trembling vs. shame_driven_hiding
Fri Aug  7 23:51:04 2015	always_trembling vs. shame_driven_denying
Sat Aug  8 06:07:59 2015	always_trembling vs. guilt_driven_amending
Sat Aug  8 12:27:53 2015	always_trembling vs. Pavlov
Sat Aug  8 18:14:51 2015	tit_for_tat vs. TFT_with_trembling_hand
Sun Aug  9 00:31:55 2015	tit_for_tat vs. shame_driven_hiding
Sun Aug  9 18:17:09 2015	tit_for_tat vs. shame_driven_denying
Mon Aug 10 00:55:03 2015	tit_for_tat vs. guilt_driven_amending
Mon Aug 10 07:37:05 2015	tit_for_tat vs. Pavlov
Mon Aug 10 13:46:20 2015	TFT_with_trembling_hand vs. shame_driven_hiding
Tue Aug 11 06:36:30 2015	TFT_with_trembling_hand vs. shame_driven_denying
Tue Aug 11 13:17:31 2015	TFT_with_trembling_hand vs. guilt_driven_amending
Tue Aug 11 20:01:49 2015	TFT_with_trembling_hand vs. Pavlov
Wed Aug 12 02:13:57 2015	shame_driven_hiding vs. shame_driven_denying
Wed Aug 12 19:23:38 2015	shame_driven_hiding vs. guilt_driven_amending
Thu Aug 13 12:44:14 2015	shame_driven_hiding vs. Pavlov
Fri Aug 14 05:36:34 2015	shame_driven_denying vs. guilt_driven_amending
Fri Aug 14 12:45:04 2015	shame_driven_denying vs. Pavlov
Fri Aug 14 19:22:05 2015	guilt_driven_amending vs. Pavlov
