The population size for this simulation is: 50 
The error rate for this simulation is: 0.2 
The output directory for this simulation is: /home/slb/Desktop/new_simulation_v2/b1.33c/pop050/e020 
Mon Aug  3 06:29:18 2015	always_cooperate vs. TFT_with_trembling_hand
Mon Aug  3 07:29:48 2015	always_cooperate vs. shame_driven_hiding
Mon Aug  3 09:29:20 2015	always_cooperate vs. shame_driven_denying
Mon Aug  3 10:33:02 2015	always_cooperate vs. guilt_driven_amending
Mon Aug  3 11:37:34 2015	always_cooperate vs. Pavlov
Mon Aug  3 12:37:16 2015	always_defect vs. TFT_with_trembling_hand
Mon Aug  3 13:37:59 2015	always_defect vs. shame_driven_hiding
Mon Aug  3 15:18:29 2015	always_defect vs. shame_driven_denying
Mon Aug  3 16:21:55 2015	always_defect vs. guilt_driven_amending
Mon Aug  3 17:26:09 2015	always_defect vs. Pavlov
Mon Aug  3 18:26:19 2015	always_trembling vs. TFT_with_trembling_hand
Mon Aug  3 19:27:57 2015	always_trembling vs. shame_driven_hiding
Mon Aug  3 21:18:59 2015	always_trembling vs. shame_driven_denying
Mon Aug  3 22:23:26 2015	always_trembling vs. guilt_driven_amending
Mon Aug  3 23:28:40 2015	always_trembling vs. Pavlov
Tue Aug  4 00:29:16 2015	tit_for_tat vs. TFT_with_trembling_hand
Tue Aug  4 01:34:57 2015	tit_for_tat vs. shame_driven_hiding
Tue Aug  4 03:39:18 2015	tit_for_tat vs. shame_driven_denying
Tue Aug  4 04:47:20 2015	tit_for_tat vs. guilt_driven_amending
Tue Aug  4 05:56:25 2015	tit_for_tat vs. Pavlov
Tue Aug  4 07:01:21 2015	TFT_with_trembling_hand vs. shame_driven_hiding
Tue Aug  4 09:01:06 2015	TFT_with_trembling_hand vs. shame_driven_denying
Tue Aug  4 10:09:48 2015	TFT_with_trembling_hand vs. guilt_driven_amending
Tue Aug  4 11:19:22 2015	TFT_with_trembling_hand vs. Pavlov
Tue Aug  4 12:24:23 2015	shame_driven_hiding vs. shame_driven_denying
Tue Aug  4 14:26:47 2015	shame_driven_hiding vs. guilt_driven_amending
Tue Aug  4 16:32:23 2015	shame_driven_hiding vs. Pavlov
Tue Aug  4 18:33:06 2015	shame_driven_denying vs. guilt_driven_amending
Tue Aug  4 19:46:35 2015	shame_driven_denying vs. Pavlov
Tue Aug  4 20:54:43 2015	guilt_driven_amending vs. Pavlov
