The population size for this simulation is: 10 
The error rate for this simulation is: 0.2 
The output directory for this simulation is: /home/slb/Desktop/new_simulation_v2/b1.33c/pop010/e020 
Mon Aug  3 06:29:18 2015	always_cooperate vs. TFT_with_trembling_hand
Mon Aug  3 06:31:07 2015	always_cooperate vs. shame_driven_hiding
Mon Aug  3 06:33:04 2015	always_cooperate vs. shame_driven_denying
Mon Aug  3 06:34:57 2015	always_cooperate vs. guilt_driven_amending
Mon Aug  3 06:36:53 2015	always_cooperate vs. Pavlov
Mon Aug  3 06:38:44 2015	always_defect vs. TFT_with_trembling_hand
Mon Aug  3 06:40:33 2015	always_defect vs. shame_driven_hiding
Mon Aug  3 06:42:31 2015	always_defect vs. shame_driven_denying
Mon Aug  3 06:44:24 2015	always_defect vs. guilt_driven_amending
Mon Aug  3 06:46:19 2015	always_defect vs. Pavlov
Mon Aug  3 06:48:11 2015	always_trembling vs. TFT_with_trembling_hand
Mon Aug  3 06:50:02 2015	always_trembling vs. shame_driven_hiding
Mon Aug  3 06:52:03 2015	always_trembling vs. shame_driven_denying
Mon Aug  3 06:53:58 2015	always_trembling vs. guilt_driven_amending
Mon Aug  3 06:55:55 2015	always_trembling vs. Pavlov
Mon Aug  3 06:57:49 2015	tit_for_tat vs. TFT_with_trembling_hand
Mon Aug  3 06:59:45 2015	tit_for_tat vs. shame_driven_hiding
Mon Aug  3 07:01:50 2015	tit_for_tat vs. shame_driven_denying
Mon Aug  3 07:03:49 2015	tit_for_tat vs. guilt_driven_amending
Mon Aug  3 07:05:52 2015	tit_for_tat vs. Pavlov
Mon Aug  3 07:07:51 2015	TFT_with_trembling_hand vs. shame_driven_hiding
Mon Aug  3 07:09:58 2015	TFT_with_trembling_hand vs. shame_driven_denying
Mon Aug  3 07:11:58 2015	TFT_with_trembling_hand vs. guilt_driven_amending
Mon Aug  3 07:14:01 2015	TFT_with_trembling_hand vs. Pavlov
Mon Aug  3 07:16:00 2015	shame_driven_hiding vs. shame_driven_denying
Mon Aug  3 07:18:10 2015	shame_driven_hiding vs. guilt_driven_amending
Mon Aug  3 07:20:23 2015	shame_driven_hiding vs. Pavlov
Mon Aug  3 07:22:33 2015	shame_driven_denying vs. guilt_driven_amending
Mon Aug  3 07:24:39 2015	shame_driven_denying vs. Pavlov
Mon Aug  3 07:26:42 2015	guilt_driven_amending vs. Pavlov
