The population size for this simulation is: 100 
The error rate for this simulation is: 0.2 
The output directory for this simulation is: /home/slb/Desktop/new_simulation_v2/b1.33c/pop100/e020 
Mon Aug  3 06:29:18 2015	always_cooperate vs. TFT_with_trembling_hand
Mon Aug  3 12:03:29 2015	always_cooperate vs. shame_driven_hiding
Tue Aug  4 05:22:10 2015	always_cooperate vs. shame_driven_denying
Tue Aug  4 11:21:18 2015	always_cooperate vs. guilt_driven_amending
Tue Aug  4 17:22:56 2015	always_cooperate vs. Pavlov
Tue Aug  4 22:51:34 2015	always_defect vs. TFT_with_trembling_hand
Wed Aug  5 04:35:10 2015	always_defect vs. shame_driven_hiding
Wed Aug  5 17:51:17 2015	always_defect vs. shame_driven_denying
Wed Aug  5 23:48:59 2015	always_defect vs. guilt_driven_amending
Thu Aug  6 05:48:58 2015	always_defect vs. Pavlov
Thu Aug  6 11:21:19 2015	always_trembling vs. TFT_with_trembling_hand
Thu Aug  6 17:04:21 2015	always_trembling vs. shame_driven_hiding
Fri Aug  7 08:12:41 2015	always_trembling vs. shame_driven_denying
Fri Aug  7 14:17:39 2015	always_trembling vs. guilt_driven_amending
Fri Aug  7 20:23:19 2015	always_trembling vs. Pavlov
Sat Aug  8 02:00:02 2015	tit_for_tat vs. TFT_with_trembling_hand
Sat Aug  8 08:04:28 2015	tit_for_tat vs. shame_driven_hiding
Sun Aug  9 01:49:59 2015	tit_for_tat vs. shame_driven_denying
Sun Aug  9 08:13:26 2015	tit_for_tat vs. guilt_driven_amending
Sun Aug  9 14:42:50 2015	tit_for_tat vs. Pavlov
Sun Aug  9 20:39:31 2015	TFT_with_trembling_hand vs. shame_driven_hiding
Mon Aug 10 13:23:59 2015	TFT_with_trembling_hand vs. shame_driven_denying
Mon Aug 10 19:49:58 2015	TFT_with_trembling_hand vs. guilt_driven_amending
Tue Aug 11 02:18:47 2015	TFT_with_trembling_hand vs. Pavlov
Tue Aug 11 08:18:49 2015	shame_driven_hiding vs. shame_driven_denying
Wed Aug 12 01:27:43 2015	shame_driven_hiding vs. guilt_driven_amending
Wed Aug 12 18:43:41 2015	shame_driven_hiding vs. Pavlov
Thu Aug 13 11:24:14 2015	shame_driven_denying vs. guilt_driven_amending
Thu Aug 13 18:13:07 2015	shame_driven_denying vs. Pavlov
Fri Aug 14 00:31:28 2015	guilt_driven_amending vs. Pavlov
