The population size for this simulation is: 20 
The error rate for this simulation is: 0.1 
The output directory for this simulation is: /home/slb/Desktop/new_simulation_v2/b4c/pop020/e010 
Mon Aug  3 19:36:07 2015	always_cooperate vs. TFT_with_trembling_hand
Mon Aug  3 19:44:54 2015	always_cooperate vs. shame_driven_hiding
Mon Aug  3 19:56:48 2015	always_cooperate vs. shame_driven_denying
Mon Aug  3 20:07:04 2015	always_cooperate vs. guilt_driven_amending
Mon Aug  3 20:17:08 2015	always_cooperate vs. Pavlov
Mon Aug  3 20:27:00 2015	always_defect vs. TFT_with_trembling_hand
Mon Aug  3 20:35:37 2015	always_defect vs. shame_driven_hiding
Mon Aug  3 20:45:22 2015	always_defect vs. shame_driven_denying
Mon Aug  3 20:52:26 2015	always_defect vs. guilt_driven_amending
Mon Aug  3 20:59:39 2015	always_defect vs. Pavlov
Mon Aug  3 21:06:34 2015	always_trembling vs. TFT_with_trembling_hand
Mon Aug  3 21:13:28 2015	always_trembling vs. shame_driven_hiding
Mon Aug  3 21:22:08 2015	always_trembling vs. shame_driven_denying
Mon Aug  3 21:29:20 2015	always_trembling vs. guilt_driven_amending
Mon Aug  3 21:36:41 2015	always_trembling vs. Pavlov
Mon Aug  3 21:43:40 2015	tit_for_tat vs. TFT_with_trembling_hand
Mon Aug  3 21:50:59 2015	tit_for_tat vs. shame_driven_hiding
Mon Aug  3 22:00:13 2015	tit_for_tat vs. shame_driven_denying
Mon Aug  3 22:07:47 2015	tit_for_tat vs. guilt_driven_amending
Mon Aug  3 22:15:30 2015	tit_for_tat vs. Pavlov
Mon Aug  3 22:22:55 2015	TFT_with_trembling_hand vs. shame_driven_hiding
Mon Aug  3 22:32:14 2015	TFT_with_trembling_hand vs. shame_driven_denying
Mon Aug  3 22:39:55 2015	TFT_with_trembling_hand vs. guilt_driven_amending
Mon Aug  3 22:47:45 2015	TFT_with_trembling_hand vs. Pavlov
Mon Aug  3 22:55:15 2015	shame_driven_hiding vs. shame_driven_denying
Mon Aug  3 23:04:45 2015	shame_driven_hiding vs. guilt_driven_amending
Mon Aug  3 23:14:31 2015	shame_driven_hiding vs. Pavlov
Mon Aug  3 23:24:01 2015	shame_driven_denying vs. guilt_driven_amending
Mon Aug  3 23:32:08 2015	shame_driven_denying vs. Pavlov
Mon Aug  3 23:39:56 2015	guilt_driven_amending vs. Pavlov
