The population size for this simulation is: 20 
The error rate for this simulation is: 0.1 
The output directory for this simulation is: /home/slb/Desktop/new_simulation_v2/b1.33c/pop020/e010 
Mon Aug  3 06:29:18 2015	always_cooperate vs. TFT_with_trembling_hand
Mon Aug  3 06:35:41 2015	always_cooperate vs. shame_driven_hiding
Mon Aug  3 06:43:54 2015	always_cooperate vs. shame_driven_denying
Mon Aug  3 06:50:35 2015	always_cooperate vs. guilt_driven_amending
Mon Aug  3 06:57:23 2015	always_cooperate vs. Pavlov
Mon Aug  3 07:03:49 2015	always_defect vs. TFT_with_trembling_hand
Mon Aug  3 07:10:13 2015	always_defect vs. shame_driven_hiding
Mon Aug  3 07:18:02 2015	always_defect vs. shame_driven_denying
Mon Aug  3 07:24:43 2015	always_defect vs. guilt_driven_amending
Mon Aug  3 07:31:31 2015	always_defect vs. Pavlov
Mon Aug  3 07:38:01 2015	always_trembling vs. TFT_with_trembling_hand
Mon Aug  3 07:44:33 2015	always_trembling vs. shame_driven_hiding
Mon Aug  3 07:52:46 2015	always_trembling vs. shame_driven_denying
Mon Aug  3 07:59:36 2015	always_trembling vs. guilt_driven_amending
Mon Aug  3 08:06:33 2015	always_trembling vs. Pavlov
Mon Aug  3 08:13:08 2015	tit_for_tat vs. TFT_with_trembling_hand
Mon Aug  3 08:20:05 2015	tit_for_tat vs. shame_driven_hiding
Mon Aug  3 08:28:50 2015	tit_for_tat vs. shame_driven_denying
Mon Aug  3 08:36:01 2015	tit_for_tat vs. guilt_driven_amending
Mon Aug  3 08:43:20 2015	tit_for_tat vs. Pavlov
Mon Aug  3 08:50:19 2015	TFT_with_trembling_hand vs. shame_driven_hiding
Mon Aug  3 08:59:08 2015	TFT_with_trembling_hand vs. shame_driven_denying
Mon Aug  3 09:06:24 2015	TFT_with_trembling_hand vs. guilt_driven_amending
Mon Aug  3 09:13:48 2015	TFT_with_trembling_hand vs. Pavlov
Mon Aug  3 09:20:51 2015	shame_driven_hiding vs. shame_driven_denying
Mon Aug  3 09:29:50 2015	shame_driven_hiding vs. guilt_driven_amending
Mon Aug  3 09:39:04 2015	shame_driven_hiding vs. Pavlov
Mon Aug  3 09:48:02 2015	shame_driven_denying vs. guilt_driven_amending
Mon Aug  3 09:55:42 2015	shame_driven_denying vs. Pavlov
Mon Aug  3 10:03:03 2015	guilt_driven_amending vs. Pavlov
