The population size for this simulation is: 50 
The error rate for this simulation is: 0.1 
The output directory for this simulation is: /home/slb/Desktop/new_simulation_v2/b4c/pop050/e010 
Mon Aug  3 19:36:07 2015	always_cooperate vs. TFT_with_trembling_hand
Mon Aug  3 20:34:15 2015	always_cooperate vs. shame_driven_hiding
Mon Aug  3 22:19:40 2015	always_cooperate vs. shame_driven_denying
Mon Aug  3 23:18:53 2015	always_cooperate vs. guilt_driven_amending
Tue Aug  4 00:18:46 2015	always_cooperate vs. Pavlov
Tue Aug  4 01:13:54 2015	always_defect vs. TFT_with_trembling_hand
Tue Aug  4 02:10:02 2015	always_defect vs. shame_driven_hiding
Tue Aug  4 03:41:07 2015	always_defect vs. shame_driven_denying
Tue Aug  4 04:40:14 2015	always_defect vs. guilt_driven_amending
Tue Aug  4 05:40:06 2015	always_defect vs. Pavlov
Tue Aug  4 06:35:40 2015	always_trembling vs. TFT_with_trembling_hand
Tue Aug  4 07:32:52 2015	always_trembling vs. shame_driven_hiding
Tue Aug  4 09:10:29 2015	always_trembling vs. shame_driven_denying
Tue Aug  4 10:10:43 2015	always_trembling vs. guilt_driven_amending
Tue Aug  4 11:11:41 2015	always_trembling vs. Pavlov
Tue Aug  4 12:07:52 2015	tit_for_tat vs. TFT_with_trembling_hand
Tue Aug  4 13:08:40 2015	tit_for_tat vs. shame_driven_hiding
Tue Aug  4 14:58:13 2015	tit_for_tat vs. shame_driven_denying
Tue Aug  4 16:01:50 2015	tit_for_tat vs. guilt_driven_amending
Tue Aug  4 17:06:11 2015	tit_for_tat vs. Pavlov
Tue Aug  4 18:06:11 2015	TFT_with_trembling_hand vs. shame_driven_hiding
Tue Aug  4 19:54:07 2015	TFT_with_trembling_hand vs. shame_driven_denying
Tue Aug  4 20:58:35 2015	TFT_with_trembling_hand vs. guilt_driven_amending
Tue Aug  4 22:03:50 2015	TFT_with_trembling_hand vs. Pavlov
Tue Aug  4 23:04:34 2015	shame_driven_hiding vs. shame_driven_denying
Wed Aug  5 00:55:20 2015	shame_driven_hiding vs. guilt_driven_amending
Wed Aug  5 02:47:54 2015	shame_driven_hiding vs. Pavlov
Wed Aug  5 04:35:50 2015	shame_driven_denying vs. guilt_driven_amending
Wed Aug  5 05:44:01 2015	shame_driven_denying vs. Pavlov
Wed Aug  5 06:47:53 2015	guilt_driven_amending vs. Pavlov
