The population size for this simulation is: 50 
The error rate for this simulation is: 0.1 
The output directory for this simulation is: /home/slb/Desktop/new_simulation_v2/b1.33c/pop050/e010 
Mon Aug  3 06:29:18 2015	always_cooperate vs. TFT_with_trembling_hand
Mon Aug  3 07:22:50 2015	always_cooperate vs. shame_driven_hiding
Mon Aug  3 09:05:46 2015	always_cooperate vs. shame_driven_denying
Mon Aug  3 10:03:30 2015	always_cooperate vs. guilt_driven_amending
Mon Aug  3 11:01:01 2015	always_cooperate vs. Pavlov
Mon Aug  3 11:53:43 2015	always_defect vs. TFT_with_trembling_hand
Mon Aug  3 12:47:25 2015	always_defect vs. shame_driven_hiding
Mon Aug  3 14:15:33 2015	always_defect vs. shame_driven_denying
Mon Aug  3 15:11:59 2015	always_defect vs. guilt_driven_amending
Mon Aug  3 16:09:14 2015	always_defect vs. Pavlov
Mon Aug  3 17:02:16 2015	always_trembling vs. TFT_with_trembling_hand
Mon Aug  3 17:56:57 2015	always_trembling vs. shame_driven_hiding
Mon Aug  3 19:31:54 2015	always_trembling vs. shame_driven_denying
Mon Aug  3 20:29:27 2015	always_trembling vs. guilt_driven_amending
Mon Aug  3 21:27:49 2015	always_trembling vs. Pavlov
Mon Aug  3 22:21:29 2015	tit_for_tat vs. TFT_with_trembling_hand
Mon Aug  3 23:19:52 2015	tit_for_tat vs. shame_driven_hiding
Tue Aug  4 01:06:47 2015	tit_for_tat vs. shame_driven_denying
Tue Aug  4 02:07:54 2015	tit_for_tat vs. guilt_driven_amending
Tue Aug  4 03:10:37 2015	tit_for_tat vs. Pavlov
Tue Aug  4 04:08:46 2015	TFT_with_trembling_hand vs. shame_driven_hiding
Tue Aug  4 05:55:25 2015	TFT_with_trembling_hand vs. shame_driven_denying
Tue Aug  4 06:58:04 2015	TFT_with_trembling_hand vs. guilt_driven_amending
Tue Aug  4 08:01:20 2015	TFT_with_trembling_hand vs. Pavlov
Tue Aug  4 08:59:24 2015	shame_driven_hiding vs. shame_driven_denying
Tue Aug  4 10:46:43 2015	shame_driven_hiding vs. guilt_driven_amending
Tue Aug  4 12:37:37 2015	shame_driven_hiding vs. Pavlov
Tue Aug  4 14:23:46 2015	shame_driven_denying vs. guilt_driven_amending
Tue Aug  4 15:30:15 2015	shame_driven_denying vs. Pavlov
Tue Aug  4 16:32:42 2015	guilt_driven_amending vs. Pavlov
