The population size for this simulation is: 10 
The error rate for this simulation is: 0.01 
The output directory for this simulation is: /home/slb/Desktop/new_simulation_v2/b2c/pop010/e001 
Mon Aug  3 20:37:26 2015	always_cooperate vs. always_defect
Mon Aug  3 20:38:51 2015	always_cooperate vs. always_trembling
Mon Aug  3 20:40:18 2015	always_cooperate vs. tit_for_tat
Mon Aug  3 20:42:01 2015	always_cooperate vs. TFT_with_trembling_hand
Mon Aug  3 20:43:51 2015	always_cooperate vs. shame_driven_hiding
Mon Aug  3 20:45:42 2015	always_cooperate vs. shame_driven_denying
Mon Aug  3 20:47:30 2015	always_cooperate vs. guilt_driven_amending
Mon Aug  3 20:49:13 2015	always_cooperate vs. Pavlov
Mon Aug  3 20:50:46 2015	always_defect vs. always_trembling
Mon Aug  3 20:52:08 2015	always_defect vs. tit_for_tat
Mon Aug  3 20:53:41 2015	always_defect vs. TFT_with_trembling_hand
Mon Aug  3 20:55:08 2015	always_defect vs. shame_driven_hiding
Mon Aug  3 20:56:47 2015	always_defect vs. shame_driven_denying
Mon Aug  3 20:58:33 2015	always_defect vs. guilt_driven_amending
Mon Aug  3 21:00:02 2015	always_defect vs. Pavlov
Mon Aug  3 21:01:33 2015	always_trembling vs. tit_for_tat
Mon Aug  3 21:03:01 2015	always_trembling vs. TFT_with_trembling_hand
Mon Aug  3 21:04:28 2015	always_trembling vs. shame_driven_hiding
Mon Aug  3 21:06:08 2015	always_trembling vs. shame_driven_denying
Mon Aug  3 21:07:45 2015	always_trembling vs. guilt_driven_amending
Mon Aug  3 21:09:20 2015	always_trembling vs. Pavlov
Mon Aug  3 21:10:53 2015	tit_for_tat vs. TFT_with_trembling_hand
Mon Aug  3 21:12:25 2015	tit_for_tat vs. shame_driven_hiding
Mon Aug  3 21:14:10 2015	tit_for_tat vs. shame_driven_denying
Mon Aug  3 21:15:53 2015	tit_for_tat vs. guilt_driven_amending
Mon Aug  3 21:17:33 2015	tit_for_tat vs. Pavlov
Mon Aug  3 21:19:16 2015	TFT_with_trembling_hand vs. shame_driven_hiding
Mon Aug  3 21:21:38 2015	TFT_with_trembling_hand vs. shame_driven_denying
Mon Aug  3 21:23:31 2015	TFT_with_trembling_hand vs. guilt_driven_amending
Mon Aug  3 21:25:24 2015	TFT_with_trembling_hand vs. Pavlov
Mon Aug  3 21:27:08 2015	shame_driven_hiding vs. shame_driven_denying
Mon Aug  3 21:29:23 2015	shame_driven_hiding vs. guilt_driven_amending
Mon Aug  3 21:32:03 2015	shame_driven_hiding vs. Pavlov
Mon Aug  3 21:34:01 2015	shame_driven_denying vs. guilt_driven_amending
Mon Aug  3 21:35:48 2015	shame_driven_denying vs. Pavlov
Mon Aug  3 21:37:33 2015	guilt_driven_amending vs. Pavlov
