The population size for this simulation is: 100 
The error rate for this simulation is: 0.01 
The output directory for this simulation is: /home/slb/Desktop/new_simulation_v2/b1.33c/pop100/e001 
Mon Aug  3 06:29:18 2015	always_cooperate vs. always_defect
Mon Aug  3 10:33:37 2015	always_cooperate vs. always_trembling
Mon Aug  3 14:40:54 2015	always_cooperate vs. tit_for_tat
Mon Aug  3 19:08:50 2015	always_cooperate vs. TFT_with_trembling_hand
Mon Aug  3 23:37:19 2015	always_cooperate vs. shame_driven_hiding
Tue Aug  4 06:26:04 2015	always_cooperate vs. shame_driven_denying
Tue Aug  4 11:14:32 2015	always_cooperate vs. guilt_driven_amending
Tue Aug  4 16:02:58 2015	always_cooperate vs. Pavlov
Tue Aug  4 20:26:28 2015	always_defect vs. always_trembling
Wed Aug  5 00:36:21 2015	always_defect vs. tit_for_tat
Wed Aug  5 05:09:16 2015	always_defect vs. TFT_with_trembling_hand
Wed Aug  5 09:41:45 2015	always_defect vs. shame_driven_hiding
Wed Aug  5 16:17:03 2015	always_defect vs. shame_driven_denying
Wed Aug  5 21:06:36 2015	always_defect vs. guilt_driven_amending
Thu Aug  6 01:59:23 2015	always_defect vs. Pavlov
Thu Aug  6 06:26:09 2015	always_trembling vs. tit_for_tat
Thu Aug  6 11:03:41 2015	always_trembling vs. TFT_with_trembling_hand
Thu Aug  6 15:40:27 2015	always_trembling vs. shame_driven_hiding
Thu Aug  6 22:28:33 2015	always_trembling vs. shame_driven_denying
Fri Aug  7 03:22:41 2015	always_trembling vs. guilt_driven_amending
Fri Aug  7 08:19:34 2015	always_trembling vs. Pavlov
Fri Aug  7 12:48:11 2015	tit_for_tat vs. TFT_with_trembling_hand
Fri Aug  7 17:41:40 2015	tit_for_tat vs. shame_driven_hiding
Sat Aug  8 00:55:29 2015	tit_for_tat vs. shame_driven_denying
Sat Aug  8 06:05:38 2015	tit_for_tat vs. guilt_driven_amending
Sat Aug  8 11:18:54 2015	tit_for_tat vs. Pavlov
Sat Aug  8 16:07:03 2015	TFT_with_trembling_hand vs. shame_driven_hiding
Sat Aug  8 23:19:33 2015	TFT_with_trembling_hand vs. shame_driven_denying
Sun Aug  9 04:28:55 2015	TFT_with_trembling_hand vs. guilt_driven_amending
Sun Aug  9 09:39:52 2015	TFT_with_trembling_hand vs. Pavlov
Sun Aug  9 14:28:09 2015	shame_driven_hiding vs. shame_driven_denying
Sun Aug  9 21:59:09 2015	shame_driven_hiding vs. guilt_driven_amending
Mon Aug 10 05:31:54 2015	shame_driven_hiding vs. Pavlov
Mon Aug 10 12:40:25 2015	shame_driven_denying vs. guilt_driven_amending
Mon Aug 10 18:09:28 2015	shame_driven_denying vs. Pavlov
Mon Aug 10 23:14:50 2015	guilt_driven_amending vs. Pavlov
