The population size for this simulation is: 10 
The error rate for this simulation is: 0.01 
The output directory for this simulation is: /home/slb/Desktop/new_simulation_v2/b1.33c/pop010/e001 
Mon Aug  3 06:29:18 2015	always_cooperate vs. always_defect
Mon Aug  3 06:30:21 2015	always_cooperate vs. always_trembling
Mon Aug  3 06:31:26 2015	always_cooperate vs. tit_for_tat
Mon Aug  3 06:32:36 2015	always_cooperate vs. TFT_with_trembling_hand
Mon Aug  3 06:33:46 2015	always_cooperate vs. shame_driven_hiding
Mon Aug  3 06:35:06 2015	always_cooperate vs. shame_driven_denying
Mon Aug  3 06:36:20 2015	always_cooperate vs. guilt_driven_amending
Mon Aug  3 06:37:35 2015	always_cooperate vs. Pavlov
Mon Aug  3 06:38:47 2015	always_defect vs. always_trembling
Mon Aug  3 06:39:52 2015	always_defect vs. tit_for_tat
Mon Aug  3 06:41:02 2015	always_defect vs. TFT_with_trembling_hand
Mon Aug  3 06:42:12 2015	always_defect vs. shame_driven_hiding
Mon Aug  3 06:43:31 2015	always_defect vs. shame_driven_denying
Mon Aug  3 06:44:46 2015	always_defect vs. guilt_driven_amending
Mon Aug  3 06:46:01 2015	always_defect vs. Pavlov
Mon Aug  3 06:47:15 2015	always_trembling vs. tit_for_tat
Mon Aug  3 06:48:28 2015	always_trembling vs. TFT_with_trembling_hand
Mon Aug  3 06:49:40 2015	always_trembling vs. shame_driven_hiding
Mon Aug  3 06:51:02 2015	always_trembling vs. shame_driven_denying
Mon Aug  3 06:52:18 2015	always_trembling vs. guilt_driven_amending
Mon Aug  3 06:53:36 2015	always_trembling vs. Pavlov
Mon Aug  3 06:54:51 2015	tit_for_tat vs. TFT_with_trembling_hand
Mon Aug  3 06:56:08 2015	tit_for_tat vs. shame_driven_hiding
Mon Aug  3 06:57:34 2015	tit_for_tat vs. shame_driven_denying
Mon Aug  3 06:58:55 2015	tit_for_tat vs. guilt_driven_amending
Mon Aug  3 07:00:17 2015	tit_for_tat vs. Pavlov
Mon Aug  3 07:01:37 2015	TFT_with_trembling_hand vs. shame_driven_hiding
Mon Aug  3 07:03:04 2015	TFT_with_trembling_hand vs. shame_driven_denying
Mon Aug  3 07:04:25 2015	TFT_with_trembling_hand vs. guilt_driven_amending
Mon Aug  3 07:05:47 2015	TFT_with_trembling_hand vs. Pavlov
Mon Aug  3 07:07:07 2015	shame_driven_hiding vs. shame_driven_denying
Mon Aug  3 07:08:38 2015	shame_driven_hiding vs. guilt_driven_amending
Mon Aug  3 07:10:10 2015	shame_driven_hiding vs. Pavlov
Mon Aug  3 07:11:40 2015	shame_driven_denying vs. guilt_driven_amending
Mon Aug  3 07:13:07 2015	shame_driven_denying vs. Pavlov
Mon Aug  3 07:14:31 2015	guilt_driven_amending vs. Pavlov
