The population size for this simulation is: 20 
The error rate for this simulation is: 0.2 
The output directory for this simulation is: /home/slb/Desktop/new_simulation_v2/b2c/pop020/e020 
Mon Aug  3 20:37:26 2015	always_cooperate vs. TFT_with_trembling_hand
Mon Aug  3 20:45:36 2015	always_cooperate vs. shame_driven_hiding
Mon Aug  3 20:56:22 2015	always_cooperate vs. shame_driven_denying
Mon Aug  3 21:04:47 2015	always_cooperate vs. guilt_driven_amending
Mon Aug  3 21:13:24 2015	always_cooperate vs. Pavlov
Mon Aug  3 21:21:37 2015	always_defect vs. TFT_with_trembling_hand
Mon Aug  3 21:30:29 2015	always_defect vs. shame_driven_hiding
Mon Aug  3 21:41:28 2015	always_defect vs. shame_driven_denying
Mon Aug  3 21:49:52 2015	always_defect vs. guilt_driven_amending
Mon Aug  3 21:58:25 2015	always_defect vs. Pavlov
Mon Aug  3 22:06:36 2015	always_trembling vs. TFT_with_trembling_hand
Mon Aug  3 22:14:47 2015	always_trembling vs. shame_driven_hiding
Mon Aug  3 22:24:52 2015	always_trembling vs. shame_driven_denying
Mon Aug  3 22:33:21 2015	always_trembling vs. guilt_driven_amending
Mon Aug  3 22:42:05 2015	always_trembling vs. Pavlov
Mon Aug  3 22:50:24 2015	tit_for_tat vs. TFT_with_trembling_hand
Mon Aug  3 22:59:03 2015	tit_for_tat vs. shame_driven_hiding
Mon Aug  3 23:09:34 2015	tit_for_tat vs. shame_driven_denying
Mon Aug  3 23:18:27 2015	tit_for_tat vs. guilt_driven_amending
Mon Aug  3 23:27:34 2015	tit_for_tat vs. Pavlov
Mon Aug  3 23:36:19 2015	TFT_with_trembling_hand vs. shame_driven_hiding
Mon Aug  3 23:46:58 2015	TFT_with_trembling_hand vs. shame_driven_denying
Mon Aug  3 23:55:55 2015	TFT_with_trembling_hand vs. guilt_driven_amending
Tue Aug  4 00:05:07 2015	TFT_with_trembling_hand vs. Pavlov
Tue Aug  4 00:13:57 2015	shame_driven_hiding vs. shame_driven_denying
Tue Aug  4 00:24:46 2015	shame_driven_hiding vs. guilt_driven_amending
Tue Aug  4 00:35:54 2015	shame_driven_hiding vs. Pavlov
Tue Aug  4 00:46:47 2015	shame_driven_denying vs. guilt_driven_amending
Tue Aug  4 00:56:14 2015	shame_driven_denying vs. Pavlov
Tue Aug  4 01:05:21 2015	guilt_driven_amending vs. Pavlov
