The population size for this simulation is: 50 
The error rate for this simulation is: 0.05 
The output directory for this simulation is: /home/slb/Desktop/new_simulation_v2/b4c/pop050/e005 
Mon Aug  3 19:36:07 2015	always_cooperate vs. TFT_with_trembling_hand
Mon Aug  3 20:32:28 2015	always_cooperate vs. shame_driven_hiding
Mon Aug  3 22:00:47 2015	always_cooperate vs. shame_driven_denying
Mon Aug  3 22:55:54 2015	always_cooperate vs. guilt_driven_amending
Mon Aug  3 23:51:24 2015	always_cooperate vs. Pavlov
Tue Aug  4 00:42:40 2015	always_defect vs. TFT_with_trembling_hand
Tue Aug  4 01:34:39 2015	always_defect vs. shame_driven_hiding
Tue Aug  4 02:53:59 2015	always_defect vs. shame_driven_denying
Tue Aug  4 03:49:06 2015	always_defect vs. guilt_driven_amending
Tue Aug  4 04:44:42 2015	always_defect vs. Pavlov
Tue Aug  4 05:36:31 2015	always_trembling vs. TFT_with_trembling_hand
Tue Aug  4 06:29:39 2015	always_trembling vs. shame_driven_hiding
Tue Aug  4 07:53:06 2015	always_trembling vs. shame_driven_denying
Tue Aug  4 08:49:19 2015	always_trembling vs. guilt_driven_amending
Tue Aug  4 09:45:59 2015	always_trembling vs. Pavlov
Tue Aug  4 10:38:19 2015	tit_for_tat vs. TFT_with_trembling_hand
Tue Aug  4 11:34:34 2015	tit_for_tat vs. shame_driven_hiding
Tue Aug  4 13:06:17 2015	tit_for_tat vs. shame_driven_denying
Tue Aug  4 14:05:39 2015	tit_for_tat vs. guilt_driven_amending
Tue Aug  4 15:05:26 2015	tit_for_tat vs. Pavlov
Tue Aug  4 16:01:28 2015	TFT_with_trembling_hand vs. shame_driven_hiding
Tue Aug  4 17:33:01 2015	TFT_with_trembling_hand vs. shame_driven_denying
Tue Aug  4 18:32:57 2015	TFT_with_trembling_hand vs. guilt_driven_amending
Tue Aug  4 19:33:24 2015	TFT_with_trembling_hand vs. Pavlov
Tue Aug  4 20:29:55 2015	shame_driven_hiding vs. shame_driven_denying
Tue Aug  4 22:04:37 2015	shame_driven_hiding vs. guilt_driven_amending
Tue Aug  4 23:40:04 2015	shame_driven_hiding vs. Pavlov
Wed Aug  5 01:11:47 2015	shame_driven_denying vs. guilt_driven_amending
Wed Aug  5 02:15:18 2015	shame_driven_denying vs. Pavlov
Wed Aug  5 03:15:02 2015	guilt_driven_amending vs. Pavlov
