The population size for this simulation is: 100 
The error rate for this simulation is: 0.05 
The output directory for this simulation is: /home/slb/Desktop/new_simulation_v2/b1.33c/pop100/e005 
Mon Aug  3 06:29:18 2015	always_cooperate vs. TFT_with_trembling_hand
Mon Aug  3 11:12:18 2015	always_cooperate vs. shame_driven_hiding
Mon Aug  3 21:02:58 2015	always_cooperate vs. shame_driven_denying
Tue Aug  4 02:08:33 2015	always_cooperate vs. guilt_driven_amending
Tue Aug  4 07:08:56 2015	always_cooperate vs. Pavlov
Tue Aug  4 11:41:36 2015	always_defect vs. TFT_with_trembling_hand
Tue Aug  4 16:24:38 2015	always_defect vs. shame_driven_hiding
Wed Aug  5 00:55:39 2015	always_defect vs. shame_driven_denying
Wed Aug  5 05:55:43 2015	always_defect vs. guilt_driven_amending
Wed Aug  5 11:01:04 2015	always_defect vs. Pavlov
Wed Aug  5 15:38:17 2015	always_trembling vs. TFT_with_trembling_hand
Wed Aug  5 20:24:45 2015	always_trembling vs. shame_driven_hiding
Thu Aug  6 05:31:55 2015	always_trembling vs. shame_driven_denying
Thu Aug  6 10:37:05 2015	always_trembling vs. guilt_driven_amending
Thu Aug  6 15:43:36 2015	always_trembling vs. Pavlov
Thu Aug  6 20:23:51 2015	tit_for_tat vs. TFT_with_trembling_hand
Fri Aug  7 01:28:12 2015	tit_for_tat vs. shame_driven_hiding
Fri Aug  7 11:36:38 2015	tit_for_tat vs. shame_driven_denying
Fri Aug  7 17:00:51 2015	tit_for_tat vs. guilt_driven_amending
Fri Aug  7 22:26:16 2015	tit_for_tat vs. Pavlov
Sat Aug  8 03:24:21 2015	TFT_with_trembling_hand vs. shame_driven_hiding
Sat Aug  8 13:27:25 2015	TFT_with_trembling_hand vs. shame_driven_denying
Sat Aug  8 18:52:38 2015	TFT_with_trembling_hand vs. guilt_driven_amending
Sun Aug  9 00:20:29 2015	TFT_with_trembling_hand vs. Pavlov
Sun Aug  9 05:21:43 2015	shame_driven_hiding vs. shame_driven_denying
Sun Aug  9 15:43:13 2015	shame_driven_hiding vs. guilt_driven_amending
Mon Aug 10 02:06:23 2015	shame_driven_hiding vs. Pavlov
Mon Aug 10 12:06:12 2015	shame_driven_denying vs. guilt_driven_amending
Mon Aug 10 17:51:45 2015	shame_driven_denying vs. Pavlov
Mon Aug 10 23:09:31 2015	guilt_driven_amending vs. Pavlov
