The population size for this simulation is: 20 
The error rate for this simulation is: 0.01 
The output directory for this simulation is: /home/slb/Desktop/new_simulation_v2/b1.33c/pop020/e001 
Mon Aug  3 06:29:18 2015	always_cooperate vs. always_defect
Mon Aug  3 06:34:00 2015	always_cooperate vs. always_trembling
Mon Aug  3 06:38:48 2015	always_cooperate vs. tit_for_tat
Mon Aug  3 06:44:01 2015	always_cooperate vs. TFT_with_trembling_hand
Mon Aug  3 06:49:14 2015	always_cooperate vs. shame_driven_hiding
Mon Aug  3 06:55:36 2015	always_cooperate vs. shame_driven_denying
Mon Aug  3 07:01:09 2015	always_cooperate vs. guilt_driven_amending
Mon Aug  3 07:06:45 2015	always_cooperate vs. Pavlov
Mon Aug  3 07:12:04 2015	always_defect vs. always_trembling
Mon Aug  3 07:16:53 2015	always_defect vs. tit_for_tat
Mon Aug  3 07:22:07 2015	always_defect vs. TFT_with_trembling_hand
Mon Aug  3 07:27:20 2015	always_defect vs. shame_driven_hiding
Mon Aug  3 07:33:37 2015	always_defect vs. shame_driven_denying
Mon Aug  3 07:39:10 2015	always_defect vs. guilt_driven_amending
Mon Aug  3 07:44:48 2015	always_defect vs. Pavlov
Mon Aug  3 07:50:11 2015	always_trembling vs. tit_for_tat
Mon Aug  3 07:55:34 2015	always_trembling vs. TFT_with_trembling_hand
Mon Aug  3 08:00:56 2015	always_trembling vs. shame_driven_hiding
Mon Aug  3 08:07:23 2015	always_trembling vs. shame_driven_denying
Mon Aug  3 08:13:06 2015	always_trembling vs. guilt_driven_amending
Mon Aug  3 08:18:52 2015	always_trembling vs. Pavlov
Mon Aug  3 08:24:20 2015	tit_for_tat vs. TFT_with_trembling_hand
Mon Aug  3 08:30:04 2015	tit_for_tat vs. shame_driven_hiding
Mon Aug  3 08:36:57 2015	tit_for_tat vs. shame_driven_denying
Mon Aug  3 08:43:00 2015	tit_for_tat vs. guilt_driven_amending
Mon Aug  3 08:49:06 2015	tit_for_tat vs. Pavlov
Mon Aug  3 08:54:58 2015	TFT_with_trembling_hand vs. shame_driven_hiding
Mon Aug  3 09:01:50 2015	TFT_with_trembling_hand vs. shame_driven_denying
Mon Aug  3 09:07:54 2015	TFT_with_trembling_hand vs. guilt_driven_amending
Mon Aug  3 09:14:01 2015	TFT_with_trembling_hand vs. Pavlov
Mon Aug  3 09:19:53 2015	shame_driven_hiding vs. shame_driven_denying
Mon Aug  3 09:27:07 2015	shame_driven_hiding vs. guilt_driven_amending
Mon Aug  3 09:34:25 2015	shame_driven_hiding vs. Pavlov
Mon Aug  3 09:41:28 2015	shame_driven_denying vs. guilt_driven_amending
Mon Aug  3 09:47:56 2015	shame_driven_denying vs. Pavlov
Mon Aug  3 09:54:08 2015	guilt_driven_amending vs. Pavlov
