The population size for this simulation is: 100 
The error rate for this simulation is: 0.01 
The output directory for this simulation is: /home/slb/Desktop/new_simulation_v2/b4c/pop100/e001 
Mon Aug  3 19:36:07 2015	always_cooperate vs. always_defect
Tue Aug  4 00:19:29 2015	always_cooperate vs. always_trembling
Tue Aug  4 04:49:21 2015	always_cooperate vs. tit_for_tat
Tue Aug  4 09:39:47 2015	always_cooperate vs. TFT_with_trembling_hand
Tue Aug  4 14:32:07 2015	always_cooperate vs. shame_driven_hiding
Tue Aug  4 21:53:00 2015	always_cooperate vs. shame_driven_denying
Wed Aug  5 02:55:15 2015	always_cooperate vs. guilt_driven_amending
Wed Aug  5 07:59:02 2015	always_cooperate vs. Pavlov
Wed Aug  5 12:37:05 2015	always_defect vs. always_trembling
Wed Aug  5 17:03:29 2015	always_defect vs. tit_for_tat
Wed Aug  5 21:52:38 2015	always_defect vs. TFT_with_trembling_hand
Thu Aug  6 02:41:41 2015	always_defect vs. shame_driven_hiding
Thu Aug  6 09:41:25 2015	always_defect vs. shame_driven_denying
Thu Aug  6 14:48:00 2015	always_defect vs. guilt_driven_amending
Thu Aug  6 19:56:46 2015	always_defect vs. Pavlov
Fri Aug  7 00:40:00 2015	always_trembling vs. tit_for_tat
Fri Aug  7 05:33:10 2015	always_trembling vs. TFT_with_trembling_hand
Fri Aug  7 10:25:21 2015	always_trembling vs. shame_driven_hiding
Fri Aug  7 17:36:07 2015	always_trembling vs. shame_driven_denying
Fri Aug  7 22:48:49 2015	always_trembling vs. guilt_driven_amending
Sat Aug  8 04:03:08 2015	always_trembling vs. Pavlov
Sat Aug  8 08:49:20 2015	tit_for_tat vs. TFT_with_trembling_hand
Sat Aug  8 13:57:06 2015	tit_for_tat vs. shame_driven_hiding
Sat Aug  8 21:33:27 2015	tit_for_tat vs. shame_driven_denying
Sun Aug  9 02:59:57 2015	tit_for_tat vs. guilt_driven_amending
Sun Aug  9 08:27:11 2015	tit_for_tat vs. Pavlov
Sun Aug  9 13:31:11 2015	TFT_with_trembling_hand vs. shame_driven_hiding
Sun Aug  9 21:07:17 2015	TFT_with_trembling_hand vs. shame_driven_denying
Mon Aug 10 02:33:57 2015	TFT_with_trembling_hand vs. guilt_driven_amending
Mon Aug 10 08:01:37 2015	TFT_with_trembling_hand vs. Pavlov
Mon Aug 10 13:06:06 2015	shame_driven_hiding vs. shame_driven_denying
Mon Aug 10 21:00:14 2015	shame_driven_hiding vs. guilt_driven_amending
Tue Aug 11 04:56:11 2015	shame_driven_hiding vs. Pavlov
Tue Aug 11 12:28:20 2015	shame_driven_denying vs. guilt_driven_amending
Tue Aug 11 18:15:19 2015	shame_driven_denying vs. Pavlov
Tue Aug 11 23:39:00 2015	guilt_driven_amending vs. Pavlov
