The population size for this simulation is: 50 
The error rate for this simulation is: 0.2 
The output directory for this simulation is: /home/slb/Desktop/new_simulation_v2/b4c/pop050/e020 
Mon Aug  3 19:36:07 2015	always_cooperate vs. TFT_with_trembling_hand
Mon Aug  3 21:00:58 2015	always_cooperate vs. shame_driven_hiding
Mon Aug  3 23:05:17 2015	always_cooperate vs. shame_driven_denying
Tue Aug  4 00:12:34 2015	always_cooperate vs. guilt_driven_amending
Tue Aug  4 01:20:57 2015	always_cooperate vs. Pavlov
Tue Aug  4 02:24:21 2015	always_defect vs. TFT_with_trembling_hand
Tue Aug  4 03:28:34 2015	always_defect vs. shame_driven_hiding
Tue Aug  4 05:13:47 2015	always_defect vs. shame_driven_denying
Tue Aug  4 06:20:54 2015	always_defect vs. guilt_driven_amending
Tue Aug  4 07:29:00 2015	always_defect vs. Pavlov
Tue Aug  4 08:32:52 2015	always_trembling vs. TFT_with_trembling_hand
Tue Aug  4 09:38:06 2015	always_trembling vs. shame_driven_hiding
Tue Aug  4 11:33:48 2015	always_trembling vs. shame_driven_denying
Tue Aug  4 12:42:03 2015	always_trembling vs. guilt_driven_amending
Tue Aug  4 13:51:16 2015	always_trembling vs. Pavlov
Tue Aug  4 14:55:40 2015	tit_for_tat vs. TFT_with_trembling_hand
Tue Aug  4 16:04:49 2015	tit_for_tat vs. shame_driven_hiding
Tue Aug  4 18:13:57 2015	tit_for_tat vs. shame_driven_denying
Tue Aug  4 19:25:51 2015	tit_for_tat vs. guilt_driven_amending
Tue Aug  4 20:38:56 2015	tit_for_tat vs. Pavlov
Tue Aug  4 21:47:23 2015	TFT_with_trembling_hand vs. shame_driven_hiding
Tue Aug  4 23:52:30 2015	TFT_with_trembling_hand vs. shame_driven_denying
Wed Aug  5 01:05:08 2015	TFT_with_trembling_hand vs. guilt_driven_amending
Wed Aug  5 02:18:54 2015	TFT_with_trembling_hand vs. Pavlov
Wed Aug  5 03:27:56 2015	shame_driven_hiding vs. shame_driven_denying
Wed Aug  5 05:35:44 2015	shame_driven_hiding vs. guilt_driven_amending
Wed Aug  5 07:47:04 2015	shame_driven_hiding vs. Pavlov
Wed Aug  5 09:53:17 2015	shame_driven_denying vs. guilt_driven_amending
Wed Aug  5 11:10:17 2015	shame_driven_denying vs. Pavlov
Wed Aug  5 12:22:53 2015	guilt_driven_amending vs. Pavlov
